Log file open, 04/12/20 13:22:57
LogWindows: Failed to load 'aqProf.dll' (GetLastError=126)
LogWindows: File 'aqProf.dll' does not exist
LogWindows: Failed to load 'VtuneApi.dll' (GetLastError=126)
LogWindows: File 'VtuneApi.dll' does not exist
LogWindows: Failed to load 'VtuneApi32e.dll' (GetLastError=126)
LogWindows: File 'VtuneApi32e.dll' does not exist
LogConsoleResponse: Display: Failed to find resolution value strings in scalability ini. Falling back to default.
LogInit: Display: Running engine for game: MyProject
LogPlatformFile: Not using cached read wrapper
LogTaskGraph: Started task graph with 5 named threads and 35 total threads with 3 sets of task threads.
LogStats: Stats thread started at 0.432032
LogD3D11RHI: Loaded GFSDK_Aftermath_Lib.x64.dll
LogICUInternationalization: ICU TimeZone Detection - Raw Offset: +9:00, Platform Override: ''
LogPluginManager: Mounting plugin Paper2D
LogPluginManager: Mounting plugin AISupport
LogPluginManager: Mounting plugin LightPropagationVolume
LogPluginManager: Mounting plugin ActorLayerUtilities
LogPluginManager: Mounting plugin AnimationSharing
LogPluginManager: Mounting plugin CLionSourceCodeAccess
LogPluginManager: Mounting plugin CodeLiteSourceCodeAccess
LogPluginManager: Mounting plugin GitSourceControl
LogPluginManager: Mounting plugin KDevelopSourceCodeAccess
LogPluginManager: Mounting plugin NullSourceCodeAccess
LogPluginManager: Mounting plugin PerforceSourceControl
LogPluginManager: Mounting plugin SubversionSourceControl
LogPluginManager: Mounting plugin UObjectPlugin
LogPluginManager: Mounting plugin VisualStudioCodeSourceCodeAccess
LogPluginManager: Mounting plugin VisualStudioSourceCodeAccess
LogPluginManager: Mounting plugin XCodeSourceCodeAccess
LogPluginManager: Mounting plugin AssetManagerEditor
LogPluginManager: Mounting plugin CryptoKeys
LogPluginManager: Mounting plugin CurveEditorTools
LogPluginManager: Mounting plugin DataValidation
LogPluginManager: Mounting plugin FacialAnimation
LogPluginManager: Mounting plugin GameplayTagsEditor
LogPluginManager: Mounting plugin MacGraphicsSwitching
LogPluginManager: Mounting plugin MaterialAnalyzer
LogPluginManager: Mounting plugin MobileLauncherProfileWizard
LogPluginManager: Mounting plugin PluginBrowser
LogPluginManager: Mounting plugin SpeedTreeImporter
LogPluginManager: Mounting plugin DatasmithContent
LogPluginManager: Mounting plugin VariantManagerContent
LogPluginManager: Mounting plugin AlembicImporter
LogPluginManager: Mounting plugin AutomationUtils
LogPluginManager: Mounting plugin BackChannel
LogPluginManager: Mounting plugin CharacterAI
LogPluginManager: Mounting plugin GeometryCache
LogPluginManager: Mounting plugin HTML5Networking
LogPluginManager: Mounting plugin PlatformCrypto
LogPluginManager: Mounting plugin ProxyLODPlugin
LogPluginManager: Mounting plugin RawInput
LogPluginManager: Mounting plugin SkeletalReduction
LogPluginManager: Mounting plugin MagicLeap
LogPluginManager: Mounting plugin MagicLeapMedia
LogPluginManager: Mounting plugin DonAINavigation
LogPluginManager: Mounting plugin AndroidMedia
LogPluginManager: Mounting plugin AvfMedia
LogPluginManager: Mounting plugin ImgMedia
LogPluginManager: Mounting plugin MediaCompositing
LogPluginManager: Mounting plugin MediaPlayerEditor
LogPluginManager: Mounting plugin WebMMedia
LogPluginManager: Mounting plugin WmfMedia
LogPluginManager: Mounting plugin TcpMessaging
LogPluginManager: Mounting plugin UdpMessaging
LogPluginManager: Mounting plugin ActorSequence
LogPluginManager: Mounting plugin LevelSequenceEditor
LogPluginManager: Mounting plugin MatineeToLevelSequence
LogPluginManager: Mounting plugin NetcodeUnitTest
LogPluginManager: Mounting plugin NUTUnrealEngine4
LogPluginManager: Mounting plugin OnlineSubsystemGooglePlay
LogPluginManager: Mounting plugin OnlineSubsystemIOS
LogPluginManager: Mounting plugin OnlineSubsystem
LogPluginManager: Mounting plugin OnlineSubsystemNull
LogPluginManager: Mounting plugin OnlineSubsystemUtils
LogPluginManager: Mounting plugin LauncherChunkInstaller
LogPluginManager: Mounting plugin AndroidDeviceProfileSelector
LogPluginManager: Mounting plugin AndroidMoviePlayer
LogPluginManager: Mounting plugin AndroidPermission
LogPluginManager: Mounting plugin AppleImageUtils
LogPluginManager: Mounting plugin AppleMoviePlayer
LogPluginManager: Mounting plugin ArchVisCharacter
LogPluginManager: Mounting plugin AudioCapture
LogPluginManager: Mounting plugin CableComponent
LogPluginManager: Mounting plugin CustomMeshComponent
LogPluginManager: Mounting plugin EditableMesh
LogPluginManager: Mounting plugin ExampleDeviceProfileSelector
LogPluginManager: Mounting plugin GoogleCloudMessaging
LogPluginManager: Mounting plugin IOSDeviceProfileSelector
LogPluginManager: Mounting plugin LinuxDeviceProfileSelector
LogPluginManager: Mounting plugin LocationServicesBPLibrary
LogPluginManager: Mounting plugin MobilePatchingUtils
LogPluginManager: Mounting plugin OculusVR
LogPluginManager: Mounting plugin PhysXVehicles
LogPluginManager: Mounting plugin ProceduralMeshComponent
LogPluginManager: Mounting plugin RuntimePhysXCooking
LogPluginManager: Mounting plugin SignificanceManager
LogPluginManager: Mounting plugin SteamVR
LogPluginManager: Mounting plugin WebMMoviePlayer
LogPluginManager: Mounting plugin WindowsMoviePlayer
LogPluginManager: Mounting plugin ScreenshotTools
LogInit: Using libcurl 7.55.1-DEV
LogInit:  - built for x86_64-pc-win32
LogInit:  - supports SSL with OpenSSL/1.1.1
LogInit:  - supports HTTP deflate (compression) using libz 1.2.8
LogInit:  - other features:
LogInit:      CURL_VERSION_SSL
LogInit:      CURL_VERSION_LIBZ
LogInit:      CURL_VERSION_IPV6
LogInit:      CURL_VERSION_ASYNCHDNS
LogInit:      CURL_VERSION_LARGEFILE
LogInit:      CURL_VERSION_IDN
LogInit:  CurlRequestOptions (configurable via config and command line):
LogInit:  - bVerifyPeer = true  - Libcurl will verify peer certificate
LogInit:  - bUseHttpProxy = false  - Libcurl will NOT use HTTP proxy
LogInit:  - bDontReuseConnections = false  - Libcurl will reuse connections
LogInit:  - MaxHostConnections = 16  - Libcurl will limit the number of connections to a host
LogInit:  - LocalHostAddr = Default
LogInit:  - BufferSize = 65536
LogOnline: OSS: Creating online subsystem instance for: NULL
LogInit: WinSock: version 1.1 (2.2), MaxSocks=32767, MaxUdp=65467
LogInit: Build: ++UE4+Release-4.23-CL-9631420
LogInit: Engine Version: 4.23.1-9631420+++UE4+Release-4.23
LogInit: Compatible Engine Version: 4.23.0-8386587+++UE4+Release-4.23
LogInit: Net CL: 8386587
LogInit: OS: Windows 10 (Release 1809) (), CPU: Intel(R) Core(TM) i7-8750H CPU @ 2.20GHz, GPU: Intel(R) UHD Graphics 630
LogInit: Compiled (64-bit): Oct 18 2019 02:07:44
LogInit: Compiled with Visual C++: 19.16.27030.01
LogInit: Build Configuration: Development
LogInit: Branch Name: ++UE4+Release-4.23
LogInit: Command Line: 
LogInit: Base Directory: C:/Program Files/Epic Games/UE_4.23/Engine/Binaries/Win64/
LogInit: Installed Engine Build: 1
LogDevObjectVersion: Number of dev versions registered: 23
LogDevObjectVersion:   Dev-Blueprints (B0D832E4-1F89-4F0D-ACCF-7EB736FD4AA2): 10
LogDevObjectVersion:   Dev-Build (E1C64328-A22C-4D53-A36C-8E866417BD8C): 0
LogDevObjectVersion:   Dev-Core (375EC13C-06E4-48FB-B500-84F0262A717E): 3
LogDevObjectVersion:   Dev-Editor (E4B068ED-F494-42E9-A231-DA0B2E46BB41): 34
LogDevObjectVersion:   Dev-Framework (CFFC743F-43B0-4480-9391-14DF171D2073): 35
LogDevObjectVersion:   Dev-Mobile (B02B49B5-BB20-44E9-A304-32B752E40360): 2
LogDevObjectVersion:   Dev-Networking (A4E4105C-59A1-49B5-A7C5-40C4547EDFEE): 0
LogDevObjectVersion:   Dev-Online (39C831C9-5AE6-47DC-9A44-9C173E1C8E7C): 0
LogDevObjectVersion:   Dev-Physics (78F01B33-EBEA-4F98-B9B4-84EACCB95AA2): 0
LogDevObjectVersion:   Dev-Platform (6631380F-2D4D-43E0-8009-CF276956A95A): 0
LogDevObjectVersion:   Dev-Rendering (12F88B9F-8875-4AFC-A67C-D90C383ABD29): 31
LogDevObjectVersion:   Dev-Sequencer (7B5AE74C-D270-4C10-A958-57980B212A5A): 11
LogDevObjectVersion:   Dev-VR (D7296918-1DD6-4BDD-9DE2-64A83CC13884): 2
LogDevObjectVersion:   Dev-LoadTimes (C2A15278-BFE7-4AFE-6C17-90FF531DF755): 1
LogDevObjectVersion:   Private-Geometry (6EACA3D4-40EC-4CC1-B786-8BED09428FC5): 3
LogDevObjectVersion:   Dev-AnimPhys (29E575DD-E0A3-4627-9D10-D276232CDCEA): 17
LogDevObjectVersion:   Dev-Anim (AF43A65D-7FD3-4947-9873-3E8ED9C1BB05): 2
LogDevObjectVersion:   Dev-ReflectionCapture (6B266CEC-1EC7-4B8F-A30B-E4D90942FC07): 1
LogDevObjectVersion:   Dev-Automation (0DF73D61-A23F-47EA-B727-89E90C41499A): 1
LogDevObjectVersion:   FortniteMain (601D1886-AC64-4F84-AA16-D3DE0DEAC7D6): 27
LogDevObjectVersion:   Dev-Enterprise (9DFFBCD6-494F-0158-E221-12823C92A888): 6
LogDevObjectVersion:   Dev-Niagara (F2AED0AC-9AFE-416F-8664-AA7FFA26D6FC): 1
LogDevObjectVersion:   Dev-Destruction (174F1F0B-B4C6-45A5-B13F-2EE8D0FB917D): 9
LogInit: Presizing for max 16777216 objects, including 0 objects not considered by GC, pre-allocating 0 bytes for permanent pool.
LogInit: Object subsystem initialized
LogConfig: Setting CVar [[con.DebugEarlyDefault:1]]
LogConfig: Setting CVar [[r.setres:1280x720]]
[2020.04.12-04.22.58:154][  0]LogConfig: Setting CVar [[r.VSync:0]]
[2020.04.12-04.22.58:154][  0]LogConfig: Setting CVar [[r.RHICmdBypass:0]]
[2020.04.12-04.22.58:155][  0]LogConfig: Applying CVar settings from Section [/Script/Engine.RendererSettings] File [C:/Users/SaMa2/Desktop/GameAward_2020/HoppingFire/Saved/Config/Windows/Engine.ini]
[2020.04.12-04.22.58:155][  0]LogConfig: Setting CVar [[r.GPUCrashDebugging:0]]
[2020.04.12-04.22.58:155][  0]LogConfig: Applying CVar settings from Section [/Script/Engine.RendererOverrideSettings] File [C:/Users/SaMa2/Desktop/GameAward_2020/HoppingFire/Saved/Config/Windows/Engine.ini]
[2020.04.12-04.22.58:155][  0]LogConfig: Applying CVar settings from Section [/Script/Engine.StreamingSettings] File [C:/Users/SaMa2/Desktop/GameAward_2020/HoppingFire/Saved/Config/Windows/Engine.ini]
[2020.04.12-04.22.58:155][  0]LogConfig: Setting CVar [[s.MinBulkDataSizeForAsyncLoading:131072]]
[2020.04.12-04.22.58:155][  0]LogConfig: Setting CVar [[s.AsyncLoadingThreadEnabled:0]]
[2020.04.12-04.22.58:155][  0]LogConfig: Setting CVar [[s.EventDrivenLoaderEnabled:1]]
[2020.04.12-04.22.58:155][  0]LogConfig: Setting CVar [[s.WarnIfTimeLimitExceeded:0]]
[2020.04.12-04.22.58:155][  0]LogConfig: Setting CVar [[s.TimeLimitExceededMultiplier:1.5]]
[2020.04.12-04.22.58:155][  0]LogConfig: Setting CVar [[s.TimeLimitExceededMinTime:0.005]]
[2020.04.12-04.22.58:155][  0]LogConfig: Setting CVar [[s.UseBackgroundLevelStreaming:1]]
[2020.04.12-04.22.58:155][  0]LogConfig: Setting CVar [[s.PriorityAsyncLoadingExtraTime:15.0]]
[2020.04.12-04.22.58:155][  0]LogConfig: Setting CVar [[s.LevelStreamingActorsUpdateTimeLimit:5.0]]
[2020.04.12-04.22.58:155][  0]LogConfig: Setting CVar [[s.PriorityLevelStreamingActorsUpdateExtraTime:5.0]]
[2020.04.12-04.22.58:155][  0]LogConfig: Setting CVar [[s.LevelStreamingComponentsRegistrationGranularity:10]]
[2020.04.12-04.22.58:155][  0]LogConfig: Setting CVar [[s.UnregisterComponentsTimeLimit:1.0]]
[2020.04.12-04.22.58:155][  0]LogConfig: Setting CVar [[s.LevelStreamingComponentsUnregistrationGranularity:5]]
[2020.04.12-04.22.58:155][  0]LogConfig: Applying CVar settings from Section [/Script/Engine.GarbageCollectionSettings] File [C:/Users/SaMa2/Desktop/GameAward_2020/HoppingFire/Saved/Config/Windows/Engine.ini]
[2020.04.12-04.22.58:155][  0]LogConfig: Setting CVar [[gc.MaxObjectsNotConsideredByGC:1]]
[2020.04.12-04.22.58:155][  0]LogConfig: Setting CVar [[gc.SizeOfPermanentObjectPool:0]]
[2020.04.12-04.22.58:155][  0]LogConfig: Setting CVar [[gc.FlushStreamingOnGC:0]]
[2020.04.12-04.22.58:155][  0]LogConfig: Setting CVar [[gc.NumRetriesBeforeForcingGC:10]]
[2020.04.12-04.22.58:155][  0]LogConfig: Setting CVar [[gc.AllowParallelGC:1]]
[2020.04.12-04.22.58:155][  0]LogConfig: Setting CVar [[gc.TimeBetweenPurgingPendingKillObjects:61.1]]
[2020.04.12-04.22.58:155][  0]LogConfig: Setting CVar [[gc.MaxObjectsInEditor:16777216]]
[2020.04.12-04.22.58:155][  0]LogConfig: Setting CVar [[gc.IncrementalBeginDestroyEnabled:1]]
[2020.04.12-04.22.58:155][  0]LogConfig: Setting CVar [[gc.CreateGCClusters:1]]
[2020.04.12-04.22.58:155][  0]LogConfig: Setting CVar [[gc.MinGCClusterSize:5]]
[2020.04.12-04.22.58:155][  0]LogConfig: Setting CVar [[gc.ActorClusteringEnabled:0]]
[2020.04.12-04.22.58:155][  0]LogConfig: Setting CVar [[gc.BlueprintClusteringEnabled:0]]
[2020.04.12-04.22.58:155][  0]LogConfig: Setting CVar [[gc.UseDisregardForGCOnDedicatedServers:0]]
[2020.04.12-04.22.58:155][  0]LogConfig: Applying CVar settings from Section [/Script/Engine.NetworkSettings] File [C:/Users/SaMa2/Desktop/GameAward_2020/HoppingFire/Saved/Config/Windows/Engine.ini]
[2020.04.12-04.22.58:155][  0]LogConfig: Applying CVar settings from Section [/Script/UnrealEd.CookerSettings] File [C:/Users/SaMa2/Desktop/GameAward_2020/HoppingFire/Saved/Config/Windows/Engine.ini]
[2020.04.12-04.22.58:163][  0]LogConfig: Applying CVar settings from Section [ViewDistanceQuality@3] File [C:/Users/SaMa2/Desktop/GameAward_2020/HoppingFire/Saved/Config/Windows/Scalability.ini]
[2020.04.12-04.22.58:163][  0]LogConfig: Setting CVar [[r.SkeletalMeshLODBias:0]]
[2020.04.12-04.22.58:163][  0]LogConfig: Setting CVar [[r.ViewDistanceScale:1.0]]
[2020.04.12-04.22.58:163][  0]LogConfig: Applying CVar settings from Section [AntiAliasingQuality@3] File [C:/Users/SaMa2/Desktop/GameAward_2020/HoppingFire/Saved/Config/Windows/Scalability.ini]
[2020.04.12-04.22.58:163][  0]LogConfig: Setting CVar [[r.PostProcessAAQuality:4]]
[2020.04.12-04.22.58:163][  0]LogConfig: Applying CVar settings from Section [ShadowQuality@3] File [C:/Users/SaMa2/Desktop/GameAward_2020/HoppingFire/Saved/Config/Windows/Scalability.ini]
[2020.04.12-04.22.58:163][  0]LogConfig: Setting CVar [[r.LightFunctionQuality:1]]
[2020.04.12-04.22.58:163][  0]LogConfig: Setting CVar [[r.ShadowQuality:5]]
[2020.04.12-04.22.58:163][  0]LogConfig: Setting CVar [[r.Shadow.CSM.MaxCascades:10]]
[2020.04.12-04.22.58:163][  0]LogConfig: Setting CVar [[r.Shadow.MaxResolution:2048]]
[2020.04.12-04.22.58:163][  0]LogConfig: Setting CVar [[r.Shadow.MaxCSMResolution:2048]]
[2020.04.12-04.22.58:163][  0]LogConfig: Setting CVar [[r.Shadow.RadiusThreshold:0.01]]
[2020.04.12-04.22.58:163][  0]LogConfig: Setting CVar [[r.Shadow.DistanceScale:1.0]]
[2020.04.12-04.22.58:163][  0]LogConfig: Setting CVar [[r.Shadow.CSM.TransitionScale:1.0]]
[2020.04.12-04.22.58:163][  0]LogConfig: Setting CVar [[r.Shadow.PreShadowResolutionFactor:1.0]]
[2020.04.12-04.22.58:163][  0]LogConfig: Setting CVar [[r.DistanceFieldShadowing:1]]
[2020.04.12-04.22.58:163][  0]LogConfig: Setting CVar [[r.DistanceFieldAO:1]]
[2020.04.12-04.22.58:163][  0]LogConfig: Setting CVar [[r.AOQuality:2]]
[2020.04.12-04.22.58:163][  0]LogConfig: Setting CVar [[r.VolumetricFog:1]]
[2020.04.12-04.22.58:163][  0]LogConfig: Setting CVar [[r.VolumetricFog.GridPixelSize:8]]
[2020.04.12-04.22.58:163][  0]LogConfig: Setting CVar [[r.VolumetricFog.GridSizeZ:128]]
[2020.04.12-04.22.58:163][  0]LogConfig: Setting CVar [[r.VolumetricFog.HistoryMissSupersampleCount:4]]
[2020.04.12-04.22.58:163][  0]LogConfig: Setting CVar [[r.LightMaxDrawDistanceScale:1]]
[2020.04.12-04.22.58:163][  0]LogConfig: Setting CVar [[r.CapsuleShadows:1]]
[2020.04.12-04.22.58:163][  0]LogConfig: Applying CVar settings from Section [PostProcessQuality@3] File [C:/Users/SaMa2/Desktop/GameAward_2020/HoppingFire/Saved/Config/Windows/Scalability.ini]
[2020.04.12-04.22.58:163][  0]LogConfig: Setting CVar [[r.MotionBlurQuality:4]]
[2020.04.12-04.22.58:163][  0]LogConfig: Setting CVar [[r.AmbientOcclusionMipLevelFactor:0.4]]
[2020.04.12-04.22.58:163][  0]LogConfig: Setting CVar [[r.AmbientOcclusionMaxQuality:100]]
[2020.04.12-04.22.58:163][  0]LogConfig: Setting CVar [[r.AmbientOcclusionLevels:-1]]
[2020.04.12-04.22.58:163][  0]LogConfig: Setting CVar [[r.AmbientOcclusionRadiusScale:1.0]]
[2020.04.12-04.22.58:163][  0]LogConfig: Setting CVar [[r.DepthOfFieldQuality:2]]
[2020.04.12-04.22.58:163][  0]LogConfig: Setting CVar [[r.RenderTargetPoolMin:400]]
[2020.04.12-04.22.58:163][  0]LogConfig: Setting CVar [[r.LensFlareQuality:2]]
[2020.04.12-04.22.58:163][  0]LogConfig: Setting CVar [[r.SceneColorFringeQuality:1]]
[2020.04.12-04.22.58:163][  0]LogConfig: Setting CVar [[r.EyeAdaptationQuality:2]]
[2020.04.12-04.22.58:163][  0]LogConfig: Setting CVar [[r.BloomQuality:5]]
[2020.04.12-04.22.58:163][  0]LogConfig: Setting CVar [[r.FastBlurThreshold:100]]
[2020.04.12-04.22.58:163][  0]LogConfig: Setting CVar [[r.Upscale.Quality:3]]
[2020.04.12-04.22.58:163][  0]LogConfig: Setting CVar [[r.Tonemapper.GrainQuantization:1]]
[2020.04.12-04.22.58:163][  0]LogConfig: Setting CVar [[r.LightShaftQuality:1]]
[2020.04.12-04.22.58:163][  0]LogConfig: Setting CVar [[r.Filter.SizeScale:1]]
[2020.04.12-04.22.58:163][  0]LogConfig: Setting CVar [[r.Tonemapper.Quality:5]]
[2020.04.12-04.22.58:163][  0]LogConfig: Setting CVar [[r.DOF.Gather.AccumulatorQuality:1        ; higher gathering accumulator quality]]
[2020.04.12-04.22.58:163][  0]LogConfig: Setting CVar [[r.DOF.Gather.PostfilterMethod:1          ; Median3x3 postfilering method]]
[2020.04.12-04.22.58:163][  0]LogConfig: Setting CVar [[r.DOF.Gather.EnableBokehSettings:0       ; no bokeh simulation when gathering]]
[2020.04.12-04.22.58:163][  0]LogConfig: Setting CVar [[r.DOF.Gather.RingCount:4                 ; medium number of samples when gathering]]
[2020.04.12-04.22.58:163][  0]LogConfig: Setting CVar [[r.DOF.Scatter.ForegroundCompositing:1    ; additive foreground scattering]]
[2020.04.12-04.22.58:163][  0]LogConfig: Setting CVar [[r.DOF.Scatter.BackgroundCompositing:2    ; additive background scattering]]
[2020.04.12-04.22.58:164][  0]LogConfig: Setting CVar [[r.DOF.Scatter.EnableBokehSettings:1      ; bokeh simulation when scattering]]
[2020.04.12-04.22.58:164][  0]LogConfig: Setting CVar [[r.DOF.Scatter.MaxSpriteRatio:0.1         ; only a maximum of 10% of scattered bokeh]]
[2020.04.12-04.22.58:164][  0]LogConfig: Setting CVar [[r.DOF.Recombine.Quality:1                ; cheap slight out of focus]]
[2020.04.12-04.22.58:164][  0]LogConfig: Setting CVar [[r.DOF.Recombine.EnableBokehSettings:0    ; no bokeh simulation on slight out of focus]]
[2020.04.12-04.22.58:164][  0]LogConfig: Setting CVar [[r.DOF.TemporalAAQuality:1                ; more stable temporal accumulation]]
[2020.04.12-04.22.58:164][  0]LogConfig: Setting CVar [[r.DOF.Kernel.MaxForegroundRadius:0.025]]
[2020.04.12-04.22.58:164][  0]LogConfig: Setting CVar [[r.DOF.Kernel.MaxBackgroundRadius:0.025]]
[2020.04.12-04.22.58:164][  0]LogConfig: Applying CVar settings from Section [TextureQuality@3] File [C:/Users/SaMa2/Desktop/GameAward_2020/HoppingFire/Saved/Config/Windows/Scalability.ini]
[2020.04.12-04.22.58:164][  0]LogConfig: Setting CVar [[r.Streaming.MipBias:0]]
[2020.04.12-04.22.58:164][  0]LogConfig: Setting CVar [[r.Streaming.AmortizeCPUToGPUCopy:0]]
[2020.04.12-04.22.58:164][  0]LogConfig: Setting CVar [[r.Streaming.MaxNumTexturesToStreamPerFrame:0]]
[2020.04.12-04.22.58:164][  0]LogConfig: Setting CVar [[r.Streaming.Boost:1]]
[2020.04.12-04.22.58:164][  0]LogConfig: Setting CVar [[r.MaxAnisotropy:8]]
[2020.04.12-04.22.58:164][  0]LogConfig: Setting CVar [[r.Streaming.LimitPoolSizeToVRAM:0]]
[2020.04.12-04.22.58:164][  0]LogConfig: Setting CVar [[r.Streaming.PoolSize:1000]]
[2020.04.12-04.22.58:164][  0]LogConfig: Setting CVar [[r.Streaming.MaxEffectiveScreenSize:0]]
[2020.04.12-04.22.58:164][  0]LogConfig: Applying CVar settings from Section [EffectsQuality@3] File [C:/Users/SaMa2/Desktop/GameAward_2020/HoppingFire/Saved/Config/Windows/Scalability.ini]
[2020.04.12-04.22.58:164][  0]LogConfig: Setting CVar [[r.TranslucencyLightingVolumeDim:64]]
[2020.04.12-04.22.58:164][  0]LogConfig: Setting CVar [[r.RefractionQuality:2]]
[2020.04.12-04.22.58:164][  0]LogConfig: Setting CVar [[r.SSR.Quality:3]]
[2020.04.12-04.22.58:164][  0]LogConfig: Setting CVar [[r.SceneColorFormat:4]]
[2020.04.12-04.22.58:164][  0]LogConfig: Setting CVar [[r.DetailMode:2]]
[2020.04.12-04.22.58:164][  0]LogConfig: Setting CVar [[r.TranslucencyVolumeBlur:1]]
[2020.04.12-04.22.58:164][  0]LogConfig: Setting CVar [[r.MaterialQualityLevel:1 ; High quality]]
[2020.04.12-04.22.58:164][  0]LogConfig: Setting CVar [[r.SSS.Scale:1]]
[2020.04.12-04.22.58:164][  0]LogConfig: Setting CVar [[r.SSS.SampleSet:2]]
[2020.04.12-04.22.58:164][  0]LogConfig: Setting CVar [[r.SSS.Quality:1]]
[2020.04.12-04.22.58:164][  0]LogConfig: Setting CVar [[r.SSS.HalfRes:1]]
[2020.04.12-04.22.58:164][  0]LogConfig: Setting CVar [[r.EmitterSpawnRateScale:1.0]]
[2020.04.12-04.22.58:164][  0]LogConfig: Setting CVar [[r.ParticleLightQuality:2]]
[2020.04.12-04.22.58:164][  0]LogConfig: Applying CVar settings from Section [FoliageQuality@3] File [C:/Users/SaMa2/Desktop/GameAward_2020/HoppingFire/Saved/Config/Windows/Scalability.ini]
[2020.04.12-04.22.58:164][  0]LogConfig: Setting CVar [[foliage.DensityScale:1.0]]
[2020.04.12-04.22.58:164][  0]LogConfig: Setting CVar [[grass.DensityScale:1.0]]
[2020.04.12-04.22.58:165][  0]LogInit: Selected Device Profile: [Windows]
[2020.04.12-04.22.58:165][  0]LogInit: Applying CVar settings loaded from the selected device profile: [Windows]
[2020.04.12-04.22.58:169][  0]LogHAL: Display: Platform has ~ 16 GB [16983638016 / 17179869184 / 16], which maps to Larger [LargestMinGB=32, LargerMinGB=12, DefaultMinGB=8, SmallerMinGB=6, SmallestMinGB=0)
[2020.04.12-04.22.58:169][  0]LogInit: Going up to parent DeviceProfile []
[2020.04.12-04.22.58:169][  0]LogConfig: Applying CVar settings from Section [ViewDistanceQuality@3] File [C:/Users/SaMa2/Desktop/GameAward_2020/HoppingFire/Saved/Config/Windows/Scalability.ini]
[2020.04.12-04.22.58:169][  0]LogConfig: Setting CVar [[r.SkeletalMeshLODBias:0]]
[2020.04.12-04.22.58:169][  0]LogConfig: Setting CVar [[r.ViewDistanceScale:1.0]]
[2020.04.12-04.22.58:169][  0]LogConfig: Applying CVar settings from Section [AntiAliasingQuality@3] File [C:/Users/SaMa2/Desktop/GameAward_2020/HoppingFire/Saved/Config/Windows/Scalability.ini]
[2020.04.12-04.22.58:169][  0]LogConfig: Setting CVar [[r.PostProcessAAQuality:4]]
[2020.04.12-04.22.58:169][  0]LogConfig: Applying CVar settings from Section [ShadowQuality@3] File [C:/Users/SaMa2/Desktop/GameAward_2020/HoppingFire/Saved/Config/Windows/Scalability.ini]
[2020.04.12-04.22.58:169][  0]LogConfig: Setting CVar [[r.LightFunctionQuality:1]]
[2020.04.12-04.22.58:169][  0]LogConfig: Setting CVar [[r.ShadowQuality:5]]
[2020.04.12-04.22.58:169][  0]LogConfig: Setting CVar [[r.Shadow.CSM.MaxCascades:10]]
[2020.04.12-04.22.58:169][  0]LogConfig: Setting CVar [[r.Shadow.MaxResolution:2048]]
[2020.04.12-04.22.58:169][  0]LogConfig: Setting CVar [[r.Shadow.MaxCSMResolution:2048]]
[2020.04.12-04.22.58:169][  0]LogConfig: Setting CVar [[r.Shadow.RadiusThreshold:0.01]]
[2020.04.12-04.22.58:169][  0]LogConfig: Setting CVar [[r.Shadow.DistanceScale:1.0]]
[2020.04.12-04.22.58:169][  0]LogConfig: Setting CVar [[r.Shadow.CSM.TransitionScale:1.0]]
[2020.04.12-04.22.58:169][  0]LogConfig: Setting CVar [[r.Shadow.PreShadowResolutionFactor:1.0]]
[2020.04.12-04.22.58:169][  0]LogConfig: Setting CVar [[r.DistanceFieldShadowing:1]]
[2020.04.12-04.22.58:169][  0]LogConfig: Setting CVar [[r.DistanceFieldAO:1]]
[2020.04.12-04.22.58:169][  0]LogConfig: Setting CVar [[r.AOQuality:2]]
[2020.04.12-04.22.58:169][  0]LogConfig: Setting CVar [[r.VolumetricFog:1]]
[2020.04.12-04.22.58:169][  0]LogConfig: Setting CVar [[r.VolumetricFog.GridPixelSize:8]]
[2020.04.12-04.22.58:169][  0]LogConfig: Setting CVar [[r.VolumetricFog.GridSizeZ:128]]
[2020.04.12-04.22.58:169][  0]LogConfig: Setting CVar [[r.VolumetricFog.HistoryMissSupersampleCount:4]]
[2020.04.12-04.22.58:169][  0]LogConfig: Setting CVar [[r.LightMaxDrawDistanceScale:1]]
[2020.04.12-04.22.58:169][  0]LogConfig: Setting CVar [[r.CapsuleShadows:1]]
[2020.04.12-04.22.58:169][  0]LogConfig: Applying CVar settings from Section [PostProcessQuality@3] File [C:/Users/SaMa2/Desktop/GameAward_2020/HoppingFire/Saved/Config/Windows/Scalability.ini]
[2020.04.12-04.22.58:170][  0]LogConfig: Setting CVar [[r.MotionBlurQuality:4]]
[2020.04.12-04.22.58:170][  0]LogConfig: Setting CVar [[r.AmbientOcclusionMipLevelFactor:0.4]]
[2020.04.12-04.22.58:170][  0]LogConfig: Setting CVar [[r.AmbientOcclusionMaxQuality:100]]
[2020.04.12-04.22.58:170][  0]LogConfig: Setting CVar [[r.AmbientOcclusionLevels:-1]]
[2020.04.12-04.22.58:170][  0]LogConfig: Setting CVar [[r.AmbientOcclusionRadiusScale:1.0]]
[2020.04.12-04.22.58:170][  0]LogConfig: Setting CVar [[r.DepthOfFieldQuality:2]]
[2020.04.12-04.22.58:170][  0]LogConfig: Setting CVar [[r.RenderTargetPoolMin:400]]
[2020.04.12-04.22.58:170][  0]LogConfig: Setting CVar [[r.LensFlareQuality:2]]
[2020.04.12-04.22.58:170][  0]LogConfig: Setting CVar [[r.SceneColorFringeQuality:1]]
[2020.04.12-04.22.58:170][  0]LogConfig: Setting CVar [[r.EyeAdaptationQuality:2]]
[2020.04.12-04.22.58:170][  0]LogConfig: Setting CVar [[r.BloomQuality:5]]
[2020.04.12-04.22.58:170][  0]LogConfig: Setting CVar [[r.FastBlurThreshold:100]]
[2020.04.12-04.22.58:170][  0]LogConfig: Setting CVar [[r.Upscale.Quality:3]]
[2020.04.12-04.22.58:170][  0]LogConfig: Setting CVar [[r.Tonemapper.GrainQuantization:1]]
[2020.04.12-04.22.58:170][  0]LogConfig: Setting CVar [[r.LightShaftQuality:1]]
[2020.04.12-04.22.58:170][  0]LogConfig: Setting CVar [[r.Filter.SizeScale:1]]
[2020.04.12-04.22.58:170][  0]LogConfig: Setting CVar [[r.Tonemapper.Quality:5]]
[2020.04.12-04.22.58:170][  0]LogConfig: Setting CVar [[r.DOF.Gather.AccumulatorQuality:1        ; higher gathering accumulator quality]]
[2020.04.12-04.22.58:170][  0]LogConfig: Setting CVar [[r.DOF.Gather.PostfilterMethod:1          ; Median3x3 postfilering method]]
[2020.04.12-04.22.58:170][  0]LogConfig: Setting CVar [[r.DOF.Gather.EnableBokehSettings:0       ; no bokeh simulation when gathering]]
[2020.04.12-04.22.58:170][  0]LogConfig: Setting CVar [[r.DOF.Gather.RingCount:4                 ; medium number of samples when gathering]]
[2020.04.12-04.22.58:170][  0]LogConfig: Setting CVar [[r.DOF.Scatter.ForegroundCompositing:1    ; additive foreground scattering]]
[2020.04.12-04.22.58:170][  0]LogConfig: Setting CVar [[r.DOF.Scatter.BackgroundCompositing:2    ; additive background scattering]]
[2020.04.12-04.22.58:170][  0]LogConfig: Setting CVar [[r.DOF.Scatter.EnableBokehSettings:1      ; bokeh simulation when scattering]]
[2020.04.12-04.22.58:170][  0]LogConfig: Setting CVar [[r.DOF.Scatter.MaxSpriteRatio:0.1         ; only a maximum of 10% of scattered bokeh]]
[2020.04.12-04.22.58:170][  0]LogConfig: Setting CVar [[r.DOF.Recombine.Quality:1                ; cheap slight out of focus]]
[2020.04.12-04.22.58:170][  0]LogConfig: Setting CVar [[r.DOF.Recombine.EnableBokehSettings:0    ; no bokeh simulation on slight out of focus]]
[2020.04.12-04.22.58:170][  0]LogConfig: Setting CVar [[r.DOF.TemporalAAQuality:1                ; more stable temporal accumulation]]
[2020.04.12-04.22.58:170][  0]LogConfig: Setting CVar [[r.DOF.Kernel.MaxForegroundRadius:0.025]]
[2020.04.12-04.22.58:170][  0]LogConfig: Setting CVar [[r.DOF.Kernel.MaxBackgroundRadius:0.025]]
[2020.04.12-04.22.58:170][  0]LogConfig: Applying CVar settings from Section [TextureQuality@3] File [C:/Users/SaMa2/Desktop/GameAward_2020/HoppingFire/Saved/Config/Windows/Scalability.ini]
[2020.04.12-04.22.58:170][  0]LogConfig: Setting CVar [[r.Streaming.MipBias:0]]
[2020.04.12-04.22.58:170][  0]LogConfig: Setting CVar [[r.Streaming.AmortizeCPUToGPUCopy:0]]
[2020.04.12-04.22.58:170][  0]LogConfig: Setting CVar [[r.Streaming.MaxNumTexturesToStreamPerFrame:0]]
[2020.04.12-04.22.58:170][  0]LogConfig: Setting CVar [[r.Streaming.Boost:1]]
[2020.04.12-04.22.58:170][  0]LogConfig: Setting CVar [[r.MaxAnisotropy:8]]
[2020.04.12-04.22.58:170][  0]LogConfig: Setting CVar [[r.Streaming.LimitPoolSizeToVRAM:0]]
[2020.04.12-04.22.58:170][  0]LogConfig: Setting CVar [[r.Streaming.PoolSize:1000]]
[2020.04.12-04.22.58:170][  0]LogConfig: Setting CVar [[r.Streaming.MaxEffectiveScreenSize:0]]
[2020.04.12-04.22.58:170][  0]LogConfig: Applying CVar settings from Section [EffectsQuality@3] File [C:/Users/SaMa2/Desktop/GameAward_2020/HoppingFire/Saved/Config/Windows/Scalability.ini]
[2020.04.12-04.22.58:170][  0]LogConfig: Setting CVar [[r.TranslucencyLightingVolumeDim:64]]
[2020.04.12-04.22.58:170][  0]LogConfig: Setting CVar [[r.RefractionQuality:2]]
[2020.04.12-04.22.58:170][  0]LogConfig: Setting CVar [[r.SSR.Quality:3]]
[2020.04.12-04.22.58:170][  0]LogConfig: Setting CVar [[r.SceneColorFormat:4]]
[2020.04.12-04.22.58:170][  0]LogConfig: Setting CVar [[r.DetailMode:2]]
[2020.04.12-04.22.58:170][  0]LogConfig: Setting CVar [[r.TranslucencyVolumeBlur:1]]
[2020.04.12-04.22.58:170][  0]LogConfig: Setting CVar [[r.MaterialQualityLevel:1 ; High quality]]
[2020.04.12-04.22.58:170][  0]LogConfig: Setting CVar [[r.SSS.Scale:1]]
[2020.04.12-04.22.58:170][  0]LogConfig: Setting CVar [[r.SSS.SampleSet:2]]
[2020.04.12-04.22.58:170][  0]LogConfig: Setting CVar [[r.SSS.Quality:1]]
[2020.04.12-04.22.58:170][  0]LogConfig: Setting CVar [[r.SSS.HalfRes:1]]
[2020.04.12-04.22.58:170][  0]LogConfig: Setting CVar [[r.EmitterSpawnRateScale:1.0]]
[2020.04.12-04.22.58:170][  0]LogConfig: Setting CVar [[r.ParticleLightQuality:2]]
[2020.04.12-04.22.58:170][  0]LogConfig: Applying CVar settings from Section [FoliageQuality@3] File [C:/Users/SaMa2/Desktop/GameAward_2020/HoppingFire/Saved/Config/Windows/Scalability.ini]
[2020.04.12-04.22.58:170][  0]LogConfig: Setting CVar [[foliage.DensityScale:1.0]]
[2020.04.12-04.22.58:170][  0]LogConfig: Setting CVar [[grass.DensityScale:1.0]]
[2020.04.12-04.22.58:170][  0]LogConfig: Applying CVar settings from Section [Startup] File [../../../Engine/Config/ConsoleVariables.ini]
[2020.04.12-04.22.58:171][  0]LogConfig: Setting CVar [[net.UseAdaptiveNetUpdateFrequency:0]]
[2020.04.12-04.22.58:171][  0]LogConfig: Setting CVar [[p.chaos.AllowCreatePhysxBodies:1]]
[2020.04.12-04.22.58:171][  0]LogConfig: Applying CVar settings from Section [ConsoleVariables] File [C:/Users/SaMa2/Desktop/GameAward_2020/HoppingFire/Saved/Config/Windows/Engine.ini]
[2020.04.12-04.22.58:171][  0]LogInit: Computer: DESKTOP-1QBUHFE
[2020.04.12-04.22.58:171][  0]LogInit: User: SaMa2
[2020.04.12-04.22.58:171][  0]LogInit: CPU Page size=4096, Cores=6
[2020.04.12-04.22.58:171][  0]LogInit: High frequency timer resolution =10.000000 MHz
[2020.04.12-04.22.58:172][  0]LogMemory: Memory total: Physical=15.8GB (16GB approx)
[2020.04.12-04.22.58:172][  0]LogMemory: Platform Memory Stats for Windows
[2020.04.12-04.22.58:172][  0]LogMemory: Process Physical Memory: 107.28 MB used, 107.29 MB peak
[2020.04.12-04.22.58:172][  0]LogMemory: Process Virtual Memory: 106.04 MB used, 106.04 MB peak
[2020.04.12-04.22.58:172][  0]LogMemory: Physical Memory: 6423.41 MB used,  9773.45 MB free, 16196.86 MB total
[2020.04.12-04.22.58:172][  0]LogMemory: Virtual Memory: 4723.85 MB used,  134213008.00 MB free, 134217728.00 MB total
[2020.04.12-04.22.58:265][  0]LogWindows: WindowsPlatformFeatures enabled
[2020.04.12-04.22.58:383][  0]LogInit: Using OS detected language (ja-JP).
[2020.04.12-04.22.58:383][  0]LogInit: Using OS detected locale (ja-JP).
[2020.04.12-04.22.58:384][  0]LogTextLocalizationManager: No specific localization for 'ja-JP' exists, so the 'ja' localization will be used.
[2020.04.12-04.22.58:489][  0]LogInit: Setting process to per monitor DPI aware
[2020.04.12-04.22.58:568][  0]LogSlate: New Slate User Created.  User Index 0, Is Virtual User: 0
[2020.04.12-04.22.58:568][  0]LogSlate: Slate User Registered.  User Index 0, Is Virtual User: 0
[2020.04.12-04.22.59:041][  0]LogHMD: Failed to initialize OpenVR with code 110
[2020.04.12-04.22.59:041][  0]LogD3D11RHI: D3D11 adapters:
[2020.04.12-04.22.59:115][  0]LogD3D11RHI:    0. 'NVIDIA GeForce RTX 2060' (Feature Level 11_0)
[2020.04.12-04.22.59:115][  0]LogD3D11RHI:       5980/0/8098 MB DedicatedVideo/DedicatedSystem/SharedSystem, Outputs:1, VendorId:0x10de
[2020.04.12-04.22.59:136][  0]LogD3D11RHI:    1. 'Intel(R) UHD Graphics 630' (Feature Level 11_0)
[2020.04.12-04.22.59:136][  0]LogD3D11RHI:       128/0/8098 MB DedicatedVideo/DedicatedSystem/SharedSystem, Outputs:0, VendorId:0x8086
[2020.04.12-04.22.59:139][  0]LogD3D11RHI:    2. 'Microsoft Basic Render Driver' (Feature Level 11_0)
[2020.04.12-04.22.59:139][  0]LogD3D11RHI:       0/0/8098 MB DedicatedVideo/DedicatedSystem/SharedSystem, Outputs:0, VendorId:0x1414
[2020.04.12-04.22.59:139][  0]LogD3D11RHI: Chosen D3D11 Adapter: 0
[2020.04.12-04.22.59:182][  0]LogD3D11RHI: Creating new Direct3DDevice
[2020.04.12-04.22.59:182][  0]LogD3D11RHI:     GPU DeviceId: 0x1f11 (for the marketing name, search the web for "GPU Device Id")
[2020.04.12-04.22.59:182][  0]LogWindows: EnumDisplayDevices:
[2020.04.12-04.22.59:182][  0]LogWindows:    0. 'Intel(R) UHD Graphics 630' (P:1 D:1)
[2020.04.12-04.22.59:182][  0]LogWindows:    1. 'Intel(R) UHD Graphics 630' (P:0 D:0)
[2020.04.12-04.22.59:182][  0]LogWindows:    2. 'Intel(R) UHD Graphics 630' (P:0 D:0)
[2020.04.12-04.22.59:183][  0]LogWindows:    3. 'NVIDIA GeForce RTX 2060' (P:0 D:0)
[2020.04.12-04.22.59:183][  0]LogWindows:    4. 'NVIDIA GeForce RTX 2060' (P:0 D:0)
[2020.04.12-04.22.59:183][  0]LogWindows:    5. 'NVIDIA GeForce RTX 2060' (P:0 D:0)
[2020.04.12-04.22.59:183][  0]LogWindows:    6. 'NVIDIA GeForce RTX 2060' (P:0 D:0)
[2020.04.12-04.22.59:184][  0]LogWindows: DebugString: PrimaryIsNotTheChoosenAdapter PrimaryIsNotTheChoosenAdapter PrimaryIsNotTheChoosenAdapter FoundDriverCount:4 
[2020.04.12-04.22.59:184][  0]LogD3D11RHI:     Adapter Name: NVIDIA GeForce RTX 2060
[2020.04.12-04.22.59:184][  0]LogD3D11RHI:   Driver Version: 441.45 (internal:26.21.14.4145, unified:441.45)
[2020.04.12-04.22.59:184][  0]LogD3D11RHI:      Driver Date: 11-26-2019
[2020.04.12-04.22.59:184][  0]LogRHI: Texture pool is 4186 MB (70% of 5980 MB)
[2020.04.12-04.22.59:239][  0]LogD3D11RHI: Async texture creation enabled
[2020.04.12-04.22.59:257][  0]LogD3D11RHI: GPU Timing Frequency: 1000.000000 (Debug: 2 1)
[2020.04.12-04.23.00:019][  0]LogTemp: Display: Module 'AllDesktopTargetPlatform' loaded TargetPlatform 'AllDesktop'
[2020.04.12-04.23.00:034][  0]LogTemp: Display: Module 'MacClientTargetPlatform' loaded TargetPlatform 'MacClient'
[2020.04.12-04.23.00:051][  0]LogTemp: Display: Module 'MacNoEditorTargetPlatform' loaded TargetPlatform 'MacNoEditor'
[2020.04.12-04.23.00:062][  0]LogTemp: Display: Module 'MacServerTargetPlatform' loaded TargetPlatform 'MacServer'
[2020.04.12-04.23.00:075][  0]LogTemp: Display: Module 'MacTargetPlatform' loaded TargetPlatform 'Mac'
[2020.04.12-04.23.00:086][  0]LogTemp: Display: Module 'WindowsClientTargetPlatform' loaded TargetPlatform 'WindowsClient'
[2020.04.12-04.23.00:098][  0]LogTemp: Display: Module 'WindowsNoEditorTargetPlatform' loaded TargetPlatform 'WindowsNoEditor'
[2020.04.12-04.23.00:111][  0]LogTemp: Display: Module 'WindowsServerTargetPlatform' loaded TargetPlatform 'WindowsServer'
[2020.04.12-04.23.00:118][  0]LogTemp: Display: Module 'WindowsTargetPlatform' loaded TargetPlatform 'Windows'
[2020.04.12-04.23.00:153][  0]LogTemp: Display: Module 'AndroidTargetPlatform' loaded TargetPlatform 'Android'
[2020.04.12-04.23.00:153][  0]LogTemp: Display: Module 'AndroidTargetPlatform' loaded TargetPlatform 'Android_ASTC'
[2020.04.12-04.23.00:153][  0]LogTemp: Display: Module 'AndroidTargetPlatform' loaded TargetPlatform 'Android_ATC'
[2020.04.12-04.23.00:153][  0]LogTemp: Display: Module 'AndroidTargetPlatform' loaded TargetPlatform 'Android_DXT'
[2020.04.12-04.23.00:153][  0]LogTemp: Display: Module 'AndroidTargetPlatform' loaded TargetPlatform 'Android_ETC1'
[2020.04.12-04.23.00:153][  0]LogTemp: Display: Module 'AndroidTargetPlatform' loaded TargetPlatform 'Android_ETC1a'
[2020.04.12-04.23.00:153][  0]LogTemp: Display: Module 'AndroidTargetPlatform' loaded TargetPlatform 'Android_ETC2'
[2020.04.12-04.23.00:153][  0]LogTemp: Display: Module 'AndroidTargetPlatform' loaded TargetPlatform 'Android_PVRTC'
[2020.04.12-04.23.00:153][  0]LogTemp: Display: Module 'AndroidTargetPlatform' loaded TargetPlatform 'AndroidClient'
[2020.04.12-04.23.00:153][  0]LogTemp: Display: Module 'AndroidTargetPlatform' loaded TargetPlatform 'Android_ASTCClient'
[2020.04.12-04.23.00:153][  0]LogTemp: Display: Module 'AndroidTargetPlatform' loaded TargetPlatform 'Android_ATCClient'
[2020.04.12-04.23.00:153][  0]LogTemp: Display: Module 'AndroidTargetPlatform' loaded TargetPlatform 'Android_DXTClient'
[2020.04.12-04.23.00:153][  0]LogTemp: Display: Module 'AndroidTargetPlatform' loaded TargetPlatform 'Android_ETC1Client'
[2020.04.12-04.23.00:153][  0]LogTemp: Display: Module 'AndroidTargetPlatform' loaded TargetPlatform 'Android_ETC1aClient'
[2020.04.12-04.23.00:153][  0]LogTemp: Display: Module 'AndroidTargetPlatform' loaded TargetPlatform 'Android_ETC2Client'
[2020.04.12-04.23.00:153][  0]LogTemp: Display: Module 'AndroidTargetPlatform' loaded TargetPlatform 'Android_PVRTCClient'
[2020.04.12-04.23.00:153][  0]LogTemp: Display: Module 'AndroidTargetPlatform' loaded TargetPlatform 'Android_Multi'
[2020.04.12-04.23.00:153][  0]LogTemp: Display: Module 'AndroidTargetPlatform' loaded TargetPlatform 'Android_MultiClient'
[2020.04.12-04.23.00:156][  0]LogTemp: Display: Module 'HTML5TargetPlatform' loaded TargetPlatform 'HTML5'
[2020.04.12-04.23.00:182][  0]LogTemp: Display: Module 'IOSTargetPlatform' loaded TargetPlatform 'IOSClient'
[2020.04.12-04.23.00:182][  0]LogTemp: Display: Module 'IOSTargetPlatform' loaded TargetPlatform 'IOS'
[2020.04.12-04.23.00:197][  0]LogTemp: Display: Module 'TVOSTargetPlatform' loaded TargetPlatform 'TVOSClient'
[2020.04.12-04.23.00:197][  0]LogTemp: Display: Module 'TVOSTargetPlatform' loaded TargetPlatform 'TVOS'
[2020.04.12-04.23.00:207][  0]LogTemp: Display: Module 'LinuxClientTargetPlatform' loaded TargetPlatform 'LinuxClient'
[2020.04.12-04.23.00:216][  0]LogTemp: Display: Module 'LinuxNoEditorTargetPlatform' loaded TargetPlatform 'LinuxNoEditor'
[2020.04.12-04.23.00:224][  0]LogTemp: Display: Module 'LinuxServerTargetPlatform' loaded TargetPlatform 'LinuxServer'
[2020.04.12-04.23.00:235][  0]LogTemp: Display: Module 'LinuxTargetPlatform' loaded TargetPlatform 'Linux'
[2020.04.12-04.23.00:264][  0]LogTemp: Display: Module 'LuminTargetPlatform' loaded TargetPlatform 'Lumin'
[2020.04.12-04.23.00:264][  0]LogTemp: Display: Module 'LuminTargetPlatform' loaded TargetPlatform 'LuminClient'
[2020.04.12-04.23.00:264][  0]LogTargetPlatformManager: Display: Building Assets For Windows
[2020.04.12-04.23.00:280][  0]LogAudioDebug: Display: Lib vorbis DLL was dynamically loaded.
[2020.04.12-04.23.00:400][  0]LogShaderCompilers: Guid format shader working directory is -19 characters bigger than the processId version (../../../../../../Users/SaMa2/Desktop/GameAward_2020/HoppingFire/Intermediate/Shaders/WorkingDirectory/27512/).
[2020.04.12-04.23.00:400][  0]LogShaderCompilers: Cleaned the shader compiler working directory 'C:/Users/SaMa2/AppData/Local/Temp/UnrealShaderWorkingDir/4478FE05481F5C7D8320578F96554347/'.
[2020.04.12-04.23.00:404][  0]LogXGEController: Cleaning working directory: C:/Users/SaMa2/AppData/Local/Temp/UnrealXGEWorkingDir/
[2020.04.12-04.23.00:405][  0]LogXGEController: Cannot use XGE Controller as Incredibuild is not installed on this machine.
[2020.04.12-04.23.00:405][  0]LogShaderCompilers: Cannot use XGE Shader Compiler as Incredibuild is not installed on this machine.
[2020.04.12-04.23.00:405][  0]LogShaderCompilers: Display: Using Local Shader Compiler.
[2020.04.12-04.23.01:166][  0]LogDerivedDataCache: Display: Max Cache Size: 512 MB
[2020.04.12-04.23.01:247][  0]LogDerivedDataCache: Loaded boot cache 0.08s 73MB C:/Users/SaMa2/AppData/Local/UnrealEngine/4.23/DerivedDataCache/Boot.ddc.
[2020.04.12-04.23.01:247][  0]LogDerivedDataCache: Display: Loaded Boot cache: C:/Users/SaMa2/AppData/Local/UnrealEngine/4.23/DerivedDataCache/Boot.ddc
[2020.04.12-04.23.01:247][  0]LogDerivedDataCache: FDerivedDataBackendGraph:  Pak pak cache file ../../../../../../Users/SaMa2/Desktop/GameAward_2020/HoppingFire/DerivedDataCache/DDC.ddp not found, will not use a pak cache.
[2020.04.12-04.23.01:247][  0]LogDerivedDataCache: Unable to find inner node Pak for hierarchical cache Hierarchy.
[2020.04.12-04.23.01:248][  0]LogDerivedDataCache: FDerivedDataBackendGraph:  CompressedPak pak cache file ../../../../../../Users/SaMa2/Desktop/GameAward_2020/HoppingFire/DerivedDataCache/Compressed.ddp not found, will not use a pak cache.
[2020.04.12-04.23.01:248][  0]LogDerivedDataCache: Unable to find inner node CompressedPak for hierarchical cache Hierarchy.
[2020.04.12-04.23.01:262][  0]LogDerivedDataCache: Display: Pak cache opened for reading ../../../Engine/DerivedDataCache/Compressed.ddp.
[2020.04.12-04.23.01:262][  0]LogDerivedDataCache: FDerivedDataBackendGraph:  EnterprisePak pak cache file ../../../Enterprise/DerivedDataCache/Compressed.ddp not found, will not use a pak cache.
[2020.04.12-04.23.01:262][  0]LogDerivedDataCache: Unable to find inner node EnterprisePak for hierarchical cache Hierarchy.
[2020.04.12-04.23.01:265][  0]LogDerivedDataCache: Using Local data cache path C:/Users/SaMa2/AppData/Local/UnrealEngine/Common/DerivedDataCache: Writable
[2020.04.12-04.23.01:265][  0]LogDerivedDataCache: Shared data cache path not found in *engine.ini, will not use an Shared cache.
[2020.04.12-04.23.01:265][  0]LogDerivedDataCache: Unable to find inner node Shared for hierarchical cache Hierarchy.
[2020.04.12-04.23.01:286][  0]LogMaterial: Verifying Global Shaders for PCD3D_SM5
[2020.04.12-04.23.01:291][  0]LogSlate: Using FreeType 2.6.0
[2020.04.12-04.23.01:296][  0]LogSlate: SlateFontServices - WITH_FREETYPE: 1, WITH_HARFBUZZ: 1
[2020.04.12-04.23.01:451][  0]LogAssetRegistry: FAssetRegistry took 0.0049 seconds to start up
[2020.04.12-04.23.01:799][  0]LogInit: Selected Device Profile: [Windows]
[2020.04.12-04.23.02:034][  0]LogMeshReduction: Using QuadricMeshReduction for automatic static mesh reduction
[2020.04.12-04.23.02:034][  0]LogMeshReduction: Using SimplygonMeshReduction for automatic skeletal mesh reduction
[2020.04.12-04.23.02:034][  0]LogMeshReduction: Using ProxyLODMeshReduction for automatic mesh merging
[2020.04.12-04.23.02:034][  0]LogMeshReduction: No distributed automatic mesh merging module available
[2020.04.12-04.23.02:035][  0]LogMeshMerging: No distributed automatic mesh merging module available
[2020.04.12-04.23.02:059][  0]LogNetVersion: MyProject 1.0.0, NetCL: 8386587, EngineNetVer: 11, GameNetVer: 0 (Checksum: 2896792207)
[2020.04.12-04.23.02:677][  0]LogPackageLocalizationCache: Processed 13 localized package path(s) for 1 prioritized culture(s) in 0.061751 seconds
[2020.04.12-04.23.02:683][  0]LogUObjectArray: 43444 objects as part of root set at end of initial load.
[2020.04.12-04.23.02:684][  0]LogUObjectAllocator: 7548648 out of 0 bytes used by permanent object pool.
[2020.04.12-04.23.02:684][  0]LogUObjectArray: CloseDisregardForGC: 0/0 objects in disregard for GC pool
[2020.04.12-04.23.04:805][  0]LogTcpMessaging: Initializing TcpMessaging bridge
[2020.04.12-04.23.04:812][  0]LogUdpMessaging: Initializing bridge on interface 0.0.0.0:0 to multicast group 230.0.0.1:6666.
[2020.04.12-04.23.04:925][  0]SourceControl: ソースコントロールは無効です
[2020.04.12-04.23.05:414][  0]LogAndroidPermission: UAndroidPermissionCallbackProxy::GetInstance
[2020.04.12-04.23.06:847][  0]LogOcInput: OculusInput pre-init called
[2020.04.12-04.23.06:858][  0]LogWindows: Failed to load 'OVRPlugin.dll' (GetLastError=126)
[2020.04.12-04.23.06:858][  0]LogWindows: File 'OVRPlugin.dll' does not exist
[2020.04.12-04.23.06:960][  0]LogClass: Warning: FDoNNavigationQueryData::Origin is not initialized properly
[2020.04.12-04.23.06:960][  0]LogClass: Warning: FDoNNavigationQueryData::Destination is not initialized properly
[2020.04.12-04.23.06:961][  0]LogClass: Display: 2 Uninitialized script stuct members found
[2020.04.12-04.23.06:964][  0]LogAutomationTest: Warning: FDoNNavigationQueryData::Origin is not initialized properly
[2020.04.12-04.23.06:964][  0]LogAutomationTest: Warning: FDoNNavigationQueryData::Destination is not initialized properly
[2020.04.12-04.23.06:970][  0]LogEngine: Initializing Engine...
[2020.04.12-04.23.06:972][  0]LogHMD: Failed to initialize OpenVR with code 110
[2020.04.12-04.23.06:975][  0]LogStats: UGameplayTagsManager::InitializeManager -  0.001 s
[2020.04.12-04.23.07:252][  0]LogInit: Initializing FReadOnlyCVARCache
[2020.04.12-04.23.07:294][  0]LogAIModule: Creating AISystem for world Untitled
[2020.04.12-04.23.07:316][  0]LogInit: XAudio2 using 'Speakers/Headphones (Realtek(R) Audio)' : 6 channels at 48 kHz using 32 bits per sample (channel mask 0x3f)
[2020.04.12-04.23.07:661][  0]LogInit: FAudioDevice initialized.
[2020.04.12-04.23.07:661][  0]LogNetVersion: Set ProjectVersion to 1.0.0.0. Version Checksum will be recalculated on next use.
[2020.04.12-04.23.07:717][  0]LogDerivedDataCache: Saved boot cache 0.06s 73MB C:/Users/SaMa2/AppData/Local/UnrealEngine/4.23/DerivedDataCache/Boot.ddc.
[2020.04.12-04.23.07:722][  0]LogInit: Texture streaming: Enabled
[2020.04.12-04.23.07:756][  0]LogEngineSessionManager: EngineSessionManager initialized
[2020.04.12-04.23.07:757][  0]LogEditorSessionSummary: Verbose: Initializing EditorSessionSummaryWriter for editor session tracking
[2020.04.12-04.23.07:760][  0]LogEditorSessionSummary: EditorSessionSummaryWriter initialized
[2020.04.12-04.23.07:832][  0]LogInit: Transaction tracking system initialized
[2020.04.12-04.23.07:907][  0]BlueprintLog: New page: エディタの読み込み
[2020.04.12-04.23.08:076][  0]LocalizationService: ローカライズのサービスが無効になりました
[2020.04.12-04.23.08:406][  0]LogFileCache: Scanning file cache for directory 'C:/Users/SaMa2/Desktop/GameAward_2020/HoppingFire/Content/' took 0.01s
[2020.04.12-04.23.08:406][  0]LogCook: Display: Max memory allowance for cook 16384mb min free memory 0mb
[2020.04.12-04.23.08:406][  0]LogCook: Display: Mobile HDR setting 1
[2020.04.12-04.23.08:807][  0]Cmd: MAP LOAD FILE="../../../../../../Users/SaMa2/Desktop/GameAward_2020/HoppingFire/Content/ThirdPersonBP/Maps/ThirdPersonExampleMap.umap" TEMPLATE=0 SHOWPROGRESS=1 FEATURELEVEL=3
[2020.04.12-04.23.08:809][  0]LightingResults: New page: ライティングのビルド
[2020.04.12-04.23.08:816][  0]LogWorld: UWorld::CleanupWorld for Untitled, bSessionEnded=true, bCleanupResources=true
[2020.04.12-04.23.08:818][  0]MapCheck: New page: マップをチェック
[2020.04.12-04.23.08:818][  0]LightingResults: New page: <何も選択されていません>
[2020.04.12-04.23.08:855][  0]LogUObjectHash: Compacting FUObjectHashTables data took   1.62ms
[2020.04.12-04.23.09:119][  0]LogBlueprint: Warning: [Compiler PersistentLevel.ThirdPersonExampleMap] ノード  不明  が有効なレベル アクタをリファレンスしていません
[2020.04.12-04.23.09:119][  0]LogBlueprint: Warning: [Compiler PersistentLevel.ThirdPersonExampleMap] ノード  不明  が有効なレベル アクタをリファレンスしていません
[2020.04.12-04.23.09:300][  0]LogAIModule: Creating AISystem for world ThirdPersonExampleMap
[2020.04.12-04.23.09:326][  0]LogStreaming: Display: ULevelStreaming::RequestLevel(/Game/My_Contents/Maps/Electronic) is flushing async loading
[2020.04.12-04.23.09:327][  0]LogStreaming: Display: Flushing async loaders.
[2020.04.12-04.23.09:334][  0]LogStreaming: Display: ULevelStreaming::RequestLevel(/Game/My_Contents/Maps/Main) is flushing async loading
[2020.04.12-04.23.09:342][  0]LogEditorServer: Finished looking for orphan Actors (0.000 secs)
[2020.04.12-04.23.09:379][  0]LogUObjectHash: Compacting FUObjectHashTables data took   3.16ms
[2020.04.12-04.23.09:379][  0]Cmd: MAP CHECKDEP NOCLEARLOG
[2020.04.12-04.23.09:381][  0]MapCheck: マップチェックが完了: 0 エラー、 0 警告、完了に 0.429ミリ秒かかりました。
[2020.04.12-04.23.09:381][  0]LogFileHelpers: Loading map 'ThirdPersonExampleMap' took 0.574
[2020.04.12-04.23.09:543][  0]LogSlate: Updating window title bar state: overlay mode, drag disabled, window buttons hidden, title bar hidden
[2020.04.12-04.23.09:555][  0]LogSlate: Updating window title bar state: overlay mode, drag disabled, window buttons hidden, title bar hidden
[2020.04.12-04.23.09:566][  0]LogSlate: Updating window title bar state: overlay mode, drag disabled, window buttons hidden, title bar hidden
[2020.04.12-04.23.09:579][  0]LogSlate: Updating window title bar state: overlay mode, drag disabled, window buttons hidden, title bar hidden
[2020.04.12-04.23.09:601][  0]LogCollectionManager: Loaded 0 collections in 0.002374 seconds
[2020.04.12-04.23.09:626][  0]LogFileCache: Scanning file cache for directory 'C:/Users/SaMa2/Desktop/GameAward_2020/HoppingFire/Saved/Collections/' took 0.00s
[2020.04.12-04.23.09:626][  0]LogFileCache: Scanning file cache for directory 'C:/Users/SaMa2/Desktop/GameAward_2020/HoppingFire/Content/Developers/SaMa2/Collections/' took 0.00s
[2020.04.12-04.23.09:626][  0]LogFileCache: Scanning file cache for directory 'C:/Users/SaMa2/Desktop/GameAward_2020/HoppingFire/Content/Collections/' took 0.00s
[2020.04.12-04.23.09:626][  0]LogCollectionManager: Rebuilt the GUID cache for 0 collections in 0.000003 seconds
[2020.04.12-04.23.09:640][  0]LogContentBrowser: Native class hierarchy populated in 0.0125 seconds. Added 2871 classes and 689 folders.
[2020.04.12-04.23.09:655][  0]LogContentBrowser: Native class hierarchy updated for 'WidgetCarousel' in 0.0003 seconds. Added 0 classes and 0 folders.
[2020.04.12-04.23.09:802][  0]LogContentBrowser: Native class hierarchy updated for 'AddContentDialog' in 0.0002 seconds. Added 0 classes and 0 folders.
[2020.04.12-04.23.09:818][  0]LogContentBrowser: Native class hierarchy updated for 'WorldBrowser' in 0.0002 seconds. Added 2 classes and 3 folders.
[2020.04.12-04.23.09:837][  0]LogContentBrowser: Native class hierarchy updated for 'SceneOutliner' in 0.0002 seconds. Added 1 classes and 2 folders.
[2020.04.12-04.23.09:981][  0]LogSlate: Took 0.003087 seconds to synchronously load lazily loaded font '../../../Engine/Content/Slate/Fonts/Roboto-Regular.ttf' (155K)
[2020.04.12-04.23.09:985][  0]LogSlate: Took 0.002349 seconds to synchronously load lazily loaded font '../../../Engine/Content/Editor/Slate/Fonts/GenEiGothicPro-Regular.otf' (707K)
[2020.04.12-04.23.09:987][  0]LogSlate: Took 0.001602 seconds to synchronously load lazily loaded font '../../../Engine/Content/Editor/Slate/Fonts/GenEiGothicPro-Bold.otf' (698K)
[2020.04.12-04.23.09:988][  0]LogSlate: Took 0.001111 seconds to synchronously load lazily loaded font '../../../Engine/Content/Slate/Fonts/Roboto-Bold.ttf' (160K)
[2020.04.12-04.23.09:996][  0]LogSlate: Took 0.001179 seconds to synchronously load lazily loaded font '../../../Engine/Content/Editor/Slate/Fonts/FontAwesome.ttf' (139K)
[2020.04.12-04.23.10:075][  0]LogRenderer: Reallocating scene render targets to support 848x412 Format 10 NumSamples 1 (Frame:1).
[2020.04.12-04.23.10:233][  0]LogContentBrowser: Native class hierarchy updated for 'HierarchicalLODOutliner' in 0.0002 seconds. Added 0 classes and 0 folders.
[2020.04.12-04.23.10:233][  0]LogLoad: (Engine Initialization) Total time: 14.99 seconds
[2020.04.12-04.23.10:233][  0]LogLoad: (Engine Initialization) Total Blueprint compile time: 0.00 seconds
[2020.04.12-04.23.10:259][  0]LogRawInputWindows: Warning: Found device 0 devices
[2020.04.12-04.23.10:260][  0]LogRawInputWindows: Warning: Found device 0 devices
[2020.04.12-04.23.10:260][  0]LogRawInputWindows: Warning: Device was registered succesfully but not connected (Usage:4 UsagePage:1)
[2020.04.12-04.23.10:260][  0]LogRawInputWindows: Warning: Found device 1 devices
[2020.04.12-04.23.10:260][  0]LogRawInputWindows: Warning: Device was registered succesfully but not connected (Usage:5 UsagePage:1)
[2020.04.12-04.23.10:308][  0]LogContentStreaming: Texture pool size now 1000 MB
[2020.04.12-04.23.10:334][  0]LogSlate: Took 0.001470 seconds to synchronously load lazily loaded font '../../../Engine/Content/Slate/Fonts/Roboto-Light.ttf' (167K)
[2020.04.12-04.23.10:489][  2]LogAssetRegistry: Asset discovery search completed in 9.0393 seconds
[2020.04.12-04.23.10:493][  2]LogCollectionManager: Rebuilt the object cache for 0 collections in 0.000004 seconds (found 0 objects)
[2020.04.12-04.23.10:493][  2]LogCollectionManager: Fixed up redirectors for 0 collections in 0.000042 seconds (updated 0 objects)
[2020.04.12-04.23.11:285][ 48]LogSlate: Took 0.002254 seconds to synchronously load lazily loaded font '../../../Engine/Content/Editor/Slate/Fonts/GenEiGothicPro-Light.otf' (713K)
[2020.04.12-04.23.11:286][ 48]LogSlate: Took 0.000434 seconds to synchronously load lazily loaded font '../../../Engine/Content/Slate/Fonts/Roboto-Light.ttf' (167K)
[2020.04.12-04.23.25:207][877]LogSlate: FSceneViewport::OnFocusLost() reason 0
[2020.04.12-04.24.10:248][576]LogEditorSessionSummary: EditorSessionSummary sent report. Type=Shutdown, SessionId={1E38E196-4ACE-D072-51F0-AAB884DE4A09}
[2020.04.12-04.24.13:354][753]LogSlate: FSceneViewport::OnFocusLost() reason 0
[2020.04.12-04.24.28:113][636]LogAssetEditorManager: Opening Asset editor for BehaviorTree /Game/My_Contents/BehaviorTree/BT_Electronic.BT_Electronic
[2020.04.12-04.24.28:206][636]LogSlate: Took 0.003103 seconds to synchronously load lazily loaded font '../../../Engine/Content/Editor/Slate/Fonts/GenEiGothicPro-SemiBold.otf' (703K)
[2020.04.12-04.24.28:207][636]LogSlate: Took 0.001218 seconds to synchronously load lazily loaded font '../../../Engine/Content/Slate/Fonts/Roboto-BoldCondensed.ttf' (158K)
[2020.04.12-04.27.06:249][329]LogAssetEditorManager: Opening Asset editor for Blueprint /Game/My_Contents/BluePrint/BP_Electronic_Exploation.BP_Electronic_Exploation
[2020.04.12-04.27.06:546][329]LogContentBrowser: Native class hierarchy updated for 'BlueprintGraph' in 0.0006 seconds. Added 121 classes and 0 folders.
[2020.04.12-04.27.09:285][444]LogSlate: Took 0.003674 seconds to synchronously load lazily loaded font '../../../Engine/Content/Slate/Fonts/Roboto-Italic.ttf' (157K)
[2020.04.12-04.27.11:746][586]LogAssetEditorManager: Opening Asset editor for MaterialInstanceConstant /Game/My_Contents/Materials/MT_Opaque_Inst.MT_Opaque_Inst
[2020.04.12-04.27.12:075][586]LogRenderer: Reallocating scene render targets to support 1068x708 Format 10 NumSamples 1 (Frame:1).
[2020.04.12-04.27.21:271][123]LogSlate: Window 'カラー ピッカー' being destroyed
[2020.04.12-04.27.22:892][211]LogUObjectHash: Compacting FUObjectHashTables data took   3.92ms
[2020.04.12-04.27.22:902][211]LogMaterial: Display: Missing cached shader map for material DebugViewMode MaterialTexCoordScale, compiling. 
[2020.04.12-04.27.23:396][211]LogShaderCompilers: Display: Worker (1/9): shaders left to compile 2
[2020.04.12-04.27.23:396][211]LogShaderCompilers: Display: Worker (2/9): shaders left to compile 1
[2020.04.12-04.27.23:397][211]TextureStreamingBuild: Display: Compiling optional shaders took 0.504 seconds.
[2020.04.12-04.27.23:426][211]LogUObjectHash: Compacting FUObjectHashTables data took   0.83ms
[2020.04.12-04.27.23:447][211]LogSavePackage: Moving '../../../../../../Users/SaMa2/Desktop/GameAward_2020/HoppingFire/Saved/MT_Opaque_Inst0370AE454F092B83EA32FA90FC628A2E.tmp' to '../../../../../../Users/SaMa2/Desktop/GameAward_2020/HoppingFire/Content/My_Contents/Materials/MT_Opaque_Inst.uasset'
[2020.04.12-04.27.24:266][257]LogWorld: UWorld::CleanupWorld for World_7, bSessionEnded=true, bCleanupResources=true
[2020.04.12-04.28.48:647][284]LogSlate: Window 'BP_Electronic_Exploation' being destroyed
[2020.04.12-04.32.11:430][576]LogSavePackage: Moving '../../../../../../Users/SaMa2/Desktop/GameAward_2020/HoppingFire/Saved/BT_Electronic5BE193AE4707EDF5A45101A2E9FF4621.tmp' to '../../../../../../Users/SaMa2/Desktop/GameAward_2020/HoppingFire/Content/My_Contents/BehaviorTree/BT_Electronic.uasset'
[2020.04.12-04.32.11:449][576]LogSavePackage: Moving '../../../../../../Users/SaMa2/Desktop/GameAward_2020/HoppingFire/Saved/BB_ElectronicD415C5D9454D0AFD895BBCA4B06238DC.tmp' to '../../../../../../Users/SaMa2/Desktop/GameAward_2020/HoppingFire/Content/My_Contents/BehaviorTree/BB_Electronic.uasset'
[2020.04.12-04.32.19:335][ 47]LogAssetEditorManager: Opening Asset editor for Blueprint /Game/My_Contents/BluePrint/BP_Allocation_Electronic.BP_Allocation_Electronic
[2020.04.12-04.32.24:330][327]LogAssetEditorManager: Opening Asset editor for Blueprint /Game/My_Contents/BluePrint/BP_P_Electronic.BP_P_Electronic
[2020.04.12-04.35.53:728][834]BlueprintLog: New page: BP_P_Electronic をコンパイル
[2020.04.12-04.35.53:924][834]LogUObjectHash: Compacting FUObjectHashTables data took   3.20ms
[2020.04.12-04.36.11:751][890]BlueprintLog: New page: BP_P_Electronic をコンパイル
[2020.04.12-04.36.11:931][890]LogUObjectHash: Compacting FUObjectHashTables data took   3.22ms
[2020.04.12-04.36.27:094][793]BlueprintLog: New page: BP_P_Electronic をコンパイル
[2020.04.12-04.36.27:277][793]LogUObjectHash: Compacting FUObjectHashTables data took   3.70ms
[2020.04.12-04.36.34:991][251]BlueprintLog: New page: BP_P_Electronic をコンパイル
[2020.04.12-04.36.35:173][251]LogUObjectHash: Compacting FUObjectHashTables data took   3.24ms
[2020.04.12-04.37.12:191][453]BlueprintLog: New page: BP_Electronic_Exploation をコンパイル
[2020.04.12-04.37.12:359][453]LogUObjectHash: Compacting FUObjectHashTables data took   3.28ms
[2020.04.12-04.38.13:201][ 89]BlueprintLog: New page: BP_Electronic_Exploation をコンパイル
[2020.04.12-04.38.13:366][ 89]LogUObjectHash: Compacting FUObjectHashTables data took   4.65ms
[2020.04.12-04.38.45:194][991]LogAssetEditorManager: Opening Asset editor for Blueprint /Game/My_Contents/BehaviorTree/デコレーター/BTD_Bool_Check.BTD_Bool_Check
[2020.04.12-04.39.32:046][766]LogSlate: Took 0.003038 seconds to synchronously load lazily loaded font '../../../Engine/Content/Slate/Fonts/Roboto-BoldCondensedItalic.ttf' (160K)
[2020.04.12-04.39.39:116][110]LogSlate: Window '変数の型を変更' being destroyed
[2020.04.12-04.39.41:916][268]LogSlate: Window 'ブループリントを検索' being destroyed
[2020.04.12-04.39.41:920][268]LogSlate: Window 'ブループリントを検索' being destroyed
[2020.04.12-04.40.59:200][876]BlueprintLog: New page: BTD_Bool_Check をコンパイル
[2020.04.12-04.40.59:202][876]LogClass: Warning: Type mismatch in Bool of BTD_Bool_Check_C - Previous (NameProperty) Current(StructProperty) for package:  FObjectReader
[2020.04.12-04.40.59:203][876]LogBlueprint: Warning: [Compiler BTD_Bool_Check] Can't parse default value 'None' for  Bool . Property: Bool.
[2020.04.12-04.40.59:203][876]LogClass: Warning: Type mismatch in Bool of BTD_Bool_Check_C - Previous (NameProperty) Current(StructProperty) for package:  FObjectReader
[2020.04.12-04.40.59:203][876]LogClass: Warning: Type mismatch in Bool of BTD_Bool_Check_C - Previous (NameProperty) Current(StructProperty) for package:  FObjectReader
[2020.04.12-04.40.59:203][876]LogClass: Warning: Type mismatch in Bool of BTD_Bool_Check_C - Previous (NameProperty) Current(StructProperty) for package:  FObjectReader
[2020.04.12-04.40.59:371][876]LogUObjectHash: Compacting FUObjectHashTables data took   2.96ms
[2020.04.12-04.41.12:737][677]BlueprintLog: New page: BTD_Bool_Check をコンパイル
[2020.04.12-04.41.12:899][677]LogUObjectHash: Compacting FUObjectHashTables data took   2.95ms
[2020.04.12-04.42.38:490][788]LogUObjectHash: Compacting FUObjectHashTables data took   3.63ms
[2020.04.12-04.42.38:931][788]LogUObjectHash: Compacting FUObjectHashTables data took   0.78ms
[2020.04.12-04.42.38:955][788]LogBlueprint: Warning: [Compiler PersistentLevel.ThirdPersonExampleMap] ノード  不明  が有効なレベル アクタをリファレンスしていません
[2020.04.12-04.42.38:955][788]LogBlueprint: Warning: [Compiler PersistentLevel.ThirdPersonExampleMap] ノード  不明  が有効なレベル アクタをリファレンスしていません
[2020.04.12-04.42.39:140][788]LogSavePackage: Moving '../../../../../../Users/SaMa2/Desktop/GameAward_2020/HoppingFire/Saved/ThirdPersonExampleMap1902BA014D4DA09909EEDAB88C580119.tmp' to '../../../../../../Users/SaMa2/Desktop/GameAward_2020/HoppingFire/Content/ThirdPersonBP/Maps/ThirdPersonExampleMap.umap'
[2020.04.12-04.42.39:168][788]LogFileHelpers: Saving map 'ThirdPersonExampleMap' took 0.278
[2020.04.12-04.42.39:207][788]LogUObjectHash: Compacting FUObjectHashTables data took   3.07ms
[2020.04.12-04.42.39:215][788]LogSpawn: Warning: UWorld::DestroyActor: World has no context! World: Electronic, Actor: /Game/My_Contents/Maps/Electronic.Electronic:PersistentLevel.REINST_Electronic_C_0
[2020.04.12-04.42.39:343][788]LogSavePackage: Moving '../../../../../../Users/SaMa2/Desktop/GameAward_2020/HoppingFire/Saved/ElectronicCAA14AC3437639DAA721D58E0C8EE117.tmp' to '../../../../../../Users/SaMa2/Desktop/GameAward_2020/HoppingFire/Content/My_Contents/Maps/Electronic.umap'
[2020.04.12-04.42.39:347][788]LogFileHelpers: Saving map 'Electronic' took 0.175
[2020.04.12-04.42.39:428][788]LogSavePackage: Moving '../../../../../../Users/SaMa2/Desktop/GameAward_2020/HoppingFire/Saved/BP_P_Electronic250D4EB94E0988DE03357082543F1197.tmp' to '../../../../../../Users/SaMa2/Desktop/GameAward_2020/HoppingFire/Content/My_Contents/BluePrint/BP_P_Electronic.uasset'
[2020.04.12-04.42.39:450][788]LogSavePackage: Moving '../../../../../../Users/SaMa2/Desktop/GameAward_2020/HoppingFire/Saved/BT_Electronic4B4FFE324D69B1F9DE82E7955F314750.tmp' to '../../../../../../Users/SaMa2/Desktop/GameAward_2020/HoppingFire/Content/My_Contents/BehaviorTree/BT_Electronic.uasset'
[2020.04.12-04.42.39:479][788]LogSavePackage: Moving '../../../../../../Users/SaMa2/Desktop/GameAward_2020/HoppingFire/Saved/BTD_Bool_Check2D4B9688492F6558380E7CB83F75B23D.tmp' to '../../../../../../Users/SaMa2/Desktop/GameAward_2020/HoppingFire/Content/My_Contents/BehaviorTree/デコレーター/BTD_Bool_Check.uasset'
[2020.04.12-04.42.39:605][788]LogSavePackage: Moving '../../../../../../Users/SaMa2/Desktop/GameAward_2020/HoppingFire/Saved/BP_Electronic_ExploationFE38499C4B2E9BA7F0AE9FB24A2A6230.tmp' to '../../../../../../Users/SaMa2/Desktop/GameAward_2020/HoppingFire/Content/My_Contents/BluePrint/BP_Electronic_Exploation.uasset'
[2020.04.12-04.42.41:559][900]LogTemp: Repeating last play command: 新規エディタウィンドウ (PIE)
[2020.04.12-04.42.41:588][900]LogBlueprintUserMessages: Early PlayInEditor Detection: Level '/Game/ThirdPersonBP/Maps/ThirdPersonExampleMap.ThirdPersonExampleMap:PersistentLevel' has LevelScriptBlueprint '/Game/ThirdPersonBP/Maps/ThirdPersonExampleMap.ThirdPersonExampleMap:PersistentLevel.ThirdPersonExampleMap' with GeneratedClass '/Game/ThirdPersonBP/Maps/ThirdPersonExampleMap.ThirdPersonExampleMap_C' with ClassGeneratedBy '/Game/ThirdPersonBP/Maps/ThirdPersonExampleMap.ThirdPersonExampleMap:PersistentLevel.ThirdPersonExampleMap'
[2020.04.12-04.42.41:588][900]LogBlueprintUserMessages: Early PlayInEditor Detection: Level '/Game/My_Contents/Maps/Electronic.Electronic:PersistentLevel' has LevelScriptBlueprint '/Game/My_Contents/Maps/Electronic.Electronic:PersistentLevel.Electronic' with GeneratedClass '/Game/My_Contents/Maps/Electronic.Electronic_C' with ClassGeneratedBy '/Game/My_Contents/Maps/Electronic.Electronic:PersistentLevel.Electronic'
[2020.04.12-04.42.41:588][900]LogBlueprintUserMessages: Early PlayInEditor Detection: Level '/Game/My_Contents/Maps/Main.Main:PersistentLevel' has LevelScriptBlueprint '/Game/My_Contents/Maps/Main.Main:PersistentLevel.Main' with GeneratedClass '/Game/My_Contents/Maps/Main.Main_C' with ClassGeneratedBy '/Game/My_Contents/Maps/Main.Main:PersistentLevel.Main'
[2020.04.12-04.42.41:590][900]LogPlayLevel: PlayLevel: No blueprints needed recompiling
[2020.04.12-04.42.41:591][900]PIE: New page: PIEセッション: ThirdPersonExampleMap (2020/04/12 22:42:41)
[2020.04.12-04.42.41:592][900]LogOnline: OSS: Creating online subsystem instance for: NULL
[2020.04.12-04.42.41:594][900]LogPlayLevel: Creating play world package: /Game/ThirdPersonBP/Maps/UEDPIE_0_ThirdPersonExampleMap
[2020.04.12-04.42.41:607][900]LogPlayLevel: PIE: StaticDuplicateObject took: (0.012990s)
[2020.04.12-04.42.41:608][900]LogAIModule: Creating AISystem for world ThirdPersonExampleMap
[2020.04.12-04.42.41:609][900]LogPlayLevel: PIE: World Init took: (0.001597s)
[2020.04.12-04.42.41:609][900]LogPlayLevel: PIE: Created PIE world by copying editor world from /Game/ThirdPersonBP/Maps/ThirdPersonExampleMap.ThirdPersonExampleMap to /Game/ThirdPersonBP/Maps/UEDPIE_0_ThirdPersonExampleMap.ThirdPersonExampleMap (0.014840s)
[2020.04.12-04.42.41:645][900]LogUObjectHash: Compacting FUObjectHashTables data took   2.71ms
[2020.04.12-04.42.41:654][900]LogInit: XAudio2 using 'Speakers/Headphones (Realtek(R) Audio)' : 6 channels at 48 kHz using 32 bits per sample (channel mask 0x3f)
[2020.04.12-04.42.41:796][900]LogInit: FAudioDevice initialized.
[2020.04.12-04.42.41:807][900]LogSlate: Updating window title bar state: overlay mode, drag disabled, window buttons hidden, title bar hidden
[2020.04.12-04.42.41:821][900]LogLoad: Game class is 'ThirdPersonGameMode_C'
[2020.04.12-04.42.41:827][900]LogWorld: Bringing World /Game/ThirdPersonBP/Maps/UEDPIE_0_ThirdPersonExampleMap.ThirdPersonExampleMap up for play (max tick rate 60) at 2020.04.12-13.42.41
[2020.04.12-04.42.41:829][900]LogWorld: Bringing up level for play took: 0.002627
[2020.04.12-04.42.41:829][900]LogOnline: OSS: Creating online subsystem instance for: :Context_12
[2020.04.12-04.42.41:846][900]LogContentBrowser: Native class hierarchy updated for 'MovieSceneCapture' in 0.0003 seconds. Added 20 classes and 0 folders.
[2020.04.12-04.42.42:071][900]PIE: /Game/ThirdPersonBP/Maps/UEDPIE_0_ThirdPersonExampleMap 1.389のプレイ イン エディタの開始時間
[2020.04.12-04.42.42:072][900]LogBlueprintUserMessages: Late PlayInEditor Detection: Level '/Game/ThirdPersonBP/Maps/ThirdPersonExampleMap.ThirdPersonExampleMap:PersistentLevel' has LevelScriptBlueprint '/Game/ThirdPersonBP/Maps/ThirdPersonExampleMap.ThirdPersonExampleMap:PersistentLevel.ThirdPersonExampleMap' with GeneratedClass '/Game/ThirdPersonBP/Maps/ThirdPersonExampleMap.ThirdPersonExampleMap_C' with ClassGeneratedBy '/Game/ThirdPersonBP/Maps/ThirdPersonExampleMap.ThirdPersonExampleMap:PersistentLevel.ThirdPersonExampleMap'
[2020.04.12-04.42.42:072][900]LogBlueprintUserMessages: Late PlayInEditor Detection: Level '/Game/My_Contents/Maps/Electronic.Electronic:PersistentLevel' has LevelScriptBlueprint '/Game/My_Contents/Maps/Electronic.Electronic:PersistentLevel.Electronic' with GeneratedClass '/Game/My_Contents/Maps/Electronic.Electronic_C' with ClassGeneratedBy '/Game/My_Contents/Maps/Electronic.Electronic:PersistentLevel.Electronic'
[2020.04.12-04.42.42:072][900]LogBlueprintUserMessages: Late PlayInEditor Detection: Level '/Game/My_Contents/Maps/Main.Main:PersistentLevel' has LevelScriptBlueprint '/Game/My_Contents/Maps/Main.Main:PersistentLevel.Main' with GeneratedClass '/Game/My_Contents/Maps/Main.Main_C' with ClassGeneratedBy '/Game/My_Contents/Maps/Main.Main:PersistentLevel.Main'
[2020.04.12-04.42.42:134][901]LogRenderer: Reallocating scene render targets to support 1280x716 Format 10 NumSamples 1 (Frame:1).
[2020.04.12-04.42.57:667][768]LogBlueprintUserMessages: Early EndPlayMap Detection: Level '/Game/ThirdPersonBP/Maps/ThirdPersonExampleMap.ThirdPersonExampleMap:PersistentLevel' has LevelScriptBlueprint '/Game/ThirdPersonBP/Maps/ThirdPersonExampleMap.ThirdPersonExampleMap:PersistentLevel.ThirdPersonExampleMap' with GeneratedClass '/Game/ThirdPersonBP/Maps/ThirdPersonExampleMap.ThirdPersonExampleMap_C' with ClassGeneratedBy '/Game/ThirdPersonBP/Maps/ThirdPersonExampleMap.ThirdPersonExampleMap:PersistentLevel.ThirdPersonExampleMap'
[2020.04.12-04.42.57:667][768]LogBlueprintUserMessages: Early EndPlayMap Detection: Level '/Game/My_Contents/Maps/Electronic.Electronic:PersistentLevel' has LevelScriptBlueprint '/Game/My_Contents/Maps/Electronic.Electronic:PersistentLevel.Electronic' with GeneratedClass '/Game/My_Contents/Maps/Electronic.Electronic_C' with ClassGeneratedBy '/Game/My_Contents/Maps/Electronic.Electronic:PersistentLevel.Electronic'
[2020.04.12-04.42.57:667][768]LogBlueprintUserMessages: Early EndPlayMap Detection: Level '/Game/My_Contents/Maps/Main.Main:PersistentLevel' has LevelScriptBlueprint '/Game/My_Contents/Maps/Main.Main:PersistentLevel.Main' with GeneratedClass '/Game/My_Contents/Maps/Main.Main_C' with ClassGeneratedBy '/Game/My_Contents/Maps/Main.Main:PersistentLevel.Main'
[2020.04.12-04.42.57:670][768]LogSlate: Updating window title bar state: overlay mode, drag disabled, window buttons hidden, title bar hidden
[2020.04.12-04.42.57:670][768]LogWorld: BeginTearingDown for /Game/ThirdPersonBP/Maps/UEDPIE_0_ThirdPersonExampleMap
[2020.04.12-04.42.57:685][768]LogSlate: Window 'MyProject ゲームプレビュー Standalone (64-ビット/PCD3D_SM5)' being destroyed
[2020.04.12-04.42.57:699][768]LogWorld: UWorld::CleanupWorld for ThirdPersonExampleMap, bSessionEnded=true, bCleanupResources=true
[2020.04.12-04.42.57:719][768]LogPlayLevel: Display: Shutting down PIE online subsystems
[2020.04.12-04.42.57:719][768]LogBlueprintUserMessages: Late EndPlayMap Detection: Level '/Game/ThirdPersonBP/Maps/ThirdPersonExampleMap.ThirdPersonExampleMap:PersistentLevel' has LevelScriptBlueprint '/Game/ThirdPersonBP/Maps/ThirdPersonExampleMap.ThirdPersonExampleMap:PersistentLevel.ThirdPersonExampleMap' with GeneratedClass '/Game/ThirdPersonBP/Maps/ThirdPersonExampleMap.ThirdPersonExampleMap_C' with ClassGeneratedBy '/Game/ThirdPersonBP/Maps/ThirdPersonExampleMap.ThirdPersonExampleMap:PersistentLevel.ThirdPersonExampleMap'
[2020.04.12-04.42.57:719][768]LogBlueprintUserMessages: Late EndPlayMap Detection: Level '/Game/My_Contents/Maps/Electronic.Electronic:PersistentLevel' has LevelScriptBlueprint '/Game/My_Contents/Maps/Electronic.Electronic:PersistentLevel.Electronic' with GeneratedClass '/Game/My_Contents/Maps/Electronic.Electronic_C' with ClassGeneratedBy '/Game/My_Contents/Maps/Electronic.Electronic:PersistentLevel.Electronic'
[2020.04.12-04.42.57:719][768]LogBlueprintUserMessages: Late EndPlayMap Detection: Level '/Game/My_Contents/Maps/Main.Main:PersistentLevel' has LevelScriptBlueprint '/Game/My_Contents/Maps/Main.Main:PersistentLevel.Main' with GeneratedClass '/Game/My_Contents/Maps/Main.Main_C' with ClassGeneratedBy '/Game/My_Contents/Maps/Main.Main:PersistentLevel.Main'
[2020.04.12-04.42.57:842][768]LogUObjectHash: Compacting FUObjectHashTables data took   5.10ms
[2020.04.12-04.42.57:859][769]LogPlayLevel: Display: Destroying online subsystem :Context_12
[2020.04.12-04.42.57:925][769]LogUObjectHash: Compacting FUObjectHashTables data took   4.17ms
[2020.04.12-04.43.54:935][114]BlueprintLog: New page: BP_Electronic_Exploation をコンパイル
[2020.04.12-04.43.55:133][114]LogUObjectHash: Compacting FUObjectHashTables data took   3.88ms
[2020.04.12-04.44.05:540][735]BlueprintLog: New page: BP_Electronic_Exploation をコンパイル
[2020.04.12-04.44.05:742][735]LogUObjectHash: Compacting FUObjectHashTables data took   3.91ms
[2020.04.12-04.44.52:868][557]LogTemp: Repeating last play command: 新規エディタウィンドウ (PIE)
[2020.04.12-04.44.52:897][557]LogBlueprintUserMessages: Early PlayInEditor Detection: Level '/Game/ThirdPersonBP/Maps/ThirdPersonExampleMap.ThirdPersonExampleMap:PersistentLevel' has LevelScriptBlueprint '/Game/ThirdPersonBP/Maps/ThirdPersonExampleMap.ThirdPersonExampleMap:PersistentLevel.ThirdPersonExampleMap' with GeneratedClass '/Game/ThirdPersonBP/Maps/ThirdPersonExampleMap.ThirdPersonExampleMap_C' with ClassGeneratedBy '/Game/ThirdPersonBP/Maps/ThirdPersonExampleMap.ThirdPersonExampleMap:PersistentLevel.ThirdPersonExampleMap'
[2020.04.12-04.44.52:897][557]LogBlueprintUserMessages: Early PlayInEditor Detection: Level '/Game/My_Contents/Maps/Electronic.Electronic:PersistentLevel' has LevelScriptBlueprint '/Game/My_Contents/Maps/Electronic.Electronic:PersistentLevel.Electronic' with GeneratedClass '/Game/My_Contents/Maps/Electronic.Electronic_C' with ClassGeneratedBy '/Game/My_Contents/Maps/Electronic.Electronic:PersistentLevel.Electronic'
[2020.04.12-04.44.52:897][557]LogBlueprintUserMessages: Early PlayInEditor Detection: Level '/Game/My_Contents/Maps/Main.Main:PersistentLevel' has LevelScriptBlueprint '/Game/My_Contents/Maps/Main.Main:PersistentLevel.Main' with GeneratedClass '/Game/My_Contents/Maps/Main.Main_C' with ClassGeneratedBy '/Game/My_Contents/Maps/Main.Main:PersistentLevel.Main'
[2020.04.12-04.44.52:899][557]LogPlayLevel: PlayLevel: No blueprints needed recompiling
[2020.04.12-04.44.52:899][557]PIE: New page: PIEセッション: ThirdPersonExampleMap (2020/04/12 22:44:52)
[2020.04.12-04.44.52:899][557]LogPlayLevel: Creating play world package: /Game/ThirdPersonBP/Maps/UEDPIE_0_ThirdPersonExampleMap
[2020.04.12-04.44.52:915][557]LogPlayLevel: PIE: StaticDuplicateObject took: (0.015205s)
[2020.04.12-04.44.52:916][557]LogAIModule: Creating AISystem for world ThirdPersonExampleMap
[2020.04.12-04.44.52:916][557]LogPlayLevel: PIE: World Init took: (0.001287s)
[2020.04.12-04.44.52:916][557]LogPlayLevel: PIE: Created PIE world by copying editor world from /Game/ThirdPersonBP/Maps/ThirdPersonExampleMap.ThirdPersonExampleMap to /Game/ThirdPersonBP/Maps/UEDPIE_0_ThirdPersonExampleMap.ThirdPersonExampleMap (0.016663s)
[2020.04.12-04.44.52:959][557]LogUObjectHash: Compacting FUObjectHashTables data took   3.66ms
[2020.04.12-04.44.52:965][557]LogInit: XAudio2 using 'Speakers/Headphones (Realtek(R) Audio)' : 6 channels at 48 kHz using 32 bits per sample (channel mask 0x3f)
[2020.04.12-04.44.53:097][557]LogInit: FAudioDevice initialized.
[2020.04.12-04.44.53:108][557]LogSlate: Updating window title bar state: overlay mode, drag disabled, window buttons hidden, title bar hidden
[2020.04.12-04.44.53:108][557]LogLoad: Game class is 'ThirdPersonGameMode_C'
[2020.04.12-04.44.53:115][557]LogWorld: Bringing World /Game/ThirdPersonBP/Maps/UEDPIE_0_ThirdPersonExampleMap.ThirdPersonExampleMap up for play (max tick rate 60) at 2020.04.12-13.44.53
[2020.04.12-04.44.53:116][557]LogWorld: Bringing up level for play took: 0.003136
[2020.04.12-04.44.53:117][557]LogOnline: OSS: Creating online subsystem instance for: :Context_13
[2020.04.12-04.44.53:309][557]PIE: /Game/ThirdPersonBP/Maps/UEDPIE_0_ThirdPersonExampleMap 0.626のプレイ イン エディタの開始時間
[2020.04.12-04.44.53:309][557]LogBlueprintUserMessages: Late PlayInEditor Detection: Level '/Game/ThirdPersonBP/Maps/ThirdPersonExampleMap.ThirdPersonExampleMap:PersistentLevel' has LevelScriptBlueprint '/Game/ThirdPersonBP/Maps/ThirdPersonExampleMap.ThirdPersonExampleMap:PersistentLevel.ThirdPersonExampleMap' with GeneratedClass '/Game/ThirdPersonBP/Maps/ThirdPersonExampleMap.ThirdPersonExampleMap_C' with ClassGeneratedBy '/Game/ThirdPersonBP/Maps/ThirdPersonExampleMap.ThirdPersonExampleMap:PersistentLevel.ThirdPersonExampleMap'
[2020.04.12-04.44.53:309][557]LogBlueprintUserMessages: Late PlayInEditor Detection: Level '/Game/My_Contents/Maps/Electronic.Electronic:PersistentLevel' has LevelScriptBlueprint '/Game/My_Contents/Maps/Electronic.Electronic:PersistentLevel.Electronic' with GeneratedClass '/Game/My_Contents/Maps/Electronic.Electronic_C' with ClassGeneratedBy '/Game/My_Contents/Maps/Electronic.Electronic:PersistentLevel.Electronic'
[2020.04.12-04.44.53:309][557]LogBlueprintUserMessages: Late PlayInEditor Detection: Level '/Game/My_Contents/Maps/Main.Main:PersistentLevel' has LevelScriptBlueprint '/Game/My_Contents/Maps/Main.Main:PersistentLevel.Main' with GeneratedClass '/Game/My_Contents/Maps/Main.Main_C' with ClassGeneratedBy '/Game/My_Contents/Maps/Main.Main:PersistentLevel.Main'
[2020.04.12-04.45.08:770][453]LogBlueprintUserMessages: Early EndPlayMap Detection: Level '/Game/ThirdPersonBP/Maps/ThirdPersonExampleMap.ThirdPersonExampleMap:PersistentLevel' has LevelScriptBlueprint '/Game/ThirdPersonBP/Maps/ThirdPersonExampleMap.ThirdPersonExampleMap:PersistentLevel.ThirdPersonExampleMap' with GeneratedClass '/Game/ThirdPersonBP/Maps/ThirdPersonExampleMap.ThirdPersonExampleMap_C' with ClassGeneratedBy '/Game/ThirdPersonBP/Maps/ThirdPersonExampleMap.ThirdPersonExampleMap:PersistentLevel.ThirdPersonExampleMap'
[2020.04.12-04.45.08:770][453]LogBlueprintUserMessages: Early EndPlayMap Detection: Level '/Game/My_Contents/Maps/Electronic.Electronic:PersistentLevel' has LevelScriptBlueprint '/Game/My_Contents/Maps/Electronic.Electronic:PersistentLevel.Electronic' with GeneratedClass '/Game/My_Contents/Maps/Electronic.Electronic_C' with ClassGeneratedBy '/Game/My_Contents/Maps/Electronic.Electronic:PersistentLevel.Electronic'
[2020.04.12-04.45.08:770][453]LogBlueprintUserMessages: Early EndPlayMap Detection: Level '/Game/My_Contents/Maps/Main.Main:PersistentLevel' has LevelScriptBlueprint '/Game/My_Contents/Maps/Main.Main:PersistentLevel.Main' with GeneratedClass '/Game/My_Contents/Maps/Main.Main_C' with ClassGeneratedBy '/Game/My_Contents/Maps/Main.Main:PersistentLevel.Main'
[2020.04.12-04.45.08:773][453]LogSlate: Updating window title bar state: overlay mode, drag disabled, window buttons hidden, title bar hidden
[2020.04.12-04.45.08:773][453]LogWorld: BeginTearingDown for /Game/ThirdPersonBP/Maps/UEDPIE_0_ThirdPersonExampleMap
[2020.04.12-04.45.08:787][453]LogSlate: Window 'MyProject ゲームプレビュー Standalone (64-ビット/PCD3D_SM5)' being destroyed
[2020.04.12-04.45.08:802][453]LogWorld: UWorld::CleanupWorld for ThirdPersonExampleMap, bSessionEnded=true, bCleanupResources=true
[2020.04.12-04.45.08:811][453]LogPlayLevel: Display: Shutting down PIE online subsystems
[2020.04.12-04.45.08:811][453]LogBlueprintUserMessages: Late EndPlayMap Detection: Level '/Game/ThirdPersonBP/Maps/ThirdPersonExampleMap.ThirdPersonExampleMap:PersistentLevel' has LevelScriptBlueprint '/Game/ThirdPersonBP/Maps/ThirdPersonExampleMap.ThirdPersonExampleMap:PersistentLevel.ThirdPersonExampleMap' with GeneratedClass '/Game/ThirdPersonBP/Maps/ThirdPersonExampleMap.ThirdPersonExampleMap_C' with ClassGeneratedBy '/Game/ThirdPersonBP/Maps/ThirdPersonExampleMap.ThirdPersonExampleMap:PersistentLevel.ThirdPersonExampleMap'
[2020.04.12-04.45.08:811][453]LogBlueprintUserMessages: Late EndPlayMap Detection: Level '/Game/My_Contents/Maps/Electronic.Electronic:PersistentLevel' has LevelScriptBlueprint '/Game/My_Contents/Maps/Electronic.Electronic:PersistentLevel.Electronic' with GeneratedClass '/Game/My_Contents/Maps/Electronic.Electronic_C' with ClassGeneratedBy '/Game/My_Contents/Maps/Electronic.Electronic:PersistentLevel.Electronic'
[2020.04.12-04.45.08:811][453]LogBlueprintUserMessages: Late EndPlayMap Detection: Level '/Game/My_Contents/Maps/Main.Main:PersistentLevel' has LevelScriptBlueprint '/Game/My_Contents/Maps/Main.Main:PersistentLevel.Main' with GeneratedClass '/Game/My_Contents/Maps/Main.Main_C' with ClassGeneratedBy '/Game/My_Contents/Maps/Main.Main:PersistentLevel.Main'
[2020.04.12-04.45.08:900][453]LogUObjectHash: Compacting FUObjectHashTables data took   5.82ms
[2020.04.12-04.45.08:911][454]LogPlayLevel: Display: Destroying online subsystem :Context_13
[2020.04.12-04.45.08:955][454]LogUObjectHash: Compacting FUObjectHashTables data took   0.97ms
[2020.04.12-04.45.45:525][519]LogWindows: Error: === Critical error: ===
[2020.04.12-04.45.45:525][519]LogWindows: Error: 
[2020.04.12-04.45.45:525][519]LogWindows: Error: Fatal error!
[2020.04.12-04.45.45:525][519]LogWindows: Error: 
[2020.04.12-04.45.45:525][519]LogWindows: Error: Unhandled Exception: EXCEPTION_ACCESS_VIOLATION reading address 0x00000008
[2020.04.12-04.45.45:525][519]LogWindows: Error: 
[2020.04.12-04.45.45:525][519]LogWindows: Error: [Callstack] 0x00007ffa3f1f8cb4 UE4Editor-PropertyEditor.dll!UnknownFunction []
[2020.04.12-04.45.45:525][519]LogWindows: Error: [Callstack] 0x00007ffa3f1f9aed UE4Editor-PropertyEditor.dll!UnknownFunction []
[2020.04.12-04.45.45:525][519]LogWindows: Error: [Callstack] 0x00007ffa2a830e5f UE4Editor-BehaviorTreeEditor.dll!UnknownFunction []
[2020.04.12-04.45.45:525][519]LogWindows: Error: [Callstack] 0x00007ffa2a831b9c UE4Editor-BehaviorTreeEditor.dll!UnknownFunction []
[2020.04.12-04.45.45:525][519]LogWindows: Error: [Callstack] 0x00007ffa4e9b6a9c UE4Editor-Kismet.dll!UnknownFunction []
[2020.04.12-04.45.45:525][519]LogWindows: Error: [Callstack] 0x00007ffa4e99dd69 UE4Editor-Kismet.dll!UnknownFunction []
[2020.04.12-04.45.45:525][519]LogWindows: Error: [Callstack] 0x00007ffa5aca531d UE4Editor-Slate.dll!UnknownFunction []
[2020.04.12-04.45.45:525][519]LogWindows: Error: [Callstack] 0x00007ffa5ad0c495 UE4Editor-Slate.dll!UnknownFunction []
[2020.04.12-04.45.45:525][519]LogWindows: Error: [Callstack] 0x00007ffa5acee8e1 UE4Editor-Slate.dll!UnknownFunction []
[2020.04.12-04.45.45:525][519]LogWindows: Error: [Callstack] 0x00007ffa5ac512f6 UE4Editor-Slate.dll!UnknownFunction []
[2020.04.12-04.45.45:525][519]LogWindows: Error: [Callstack] 0x00007ffa5ac49aef UE4Editor-Slate.dll!UnknownFunction []
[2020.04.12-04.45.45:525][519]LogWindows: Error: [Callstack] 0x00007ffa5ac34c9c UE4Editor-Slate.dll!UnknownFunction []
[2020.04.12-04.45.45:525][519]LogWindows: Error: [Callstack] 0x00007ffa5ac29768 UE4Editor-Slate.dll!UnknownFunction []
[2020.04.12-04.45.45:525][519]LogWindows: Error: [Callstack] 0x00007ffa66034e53 UE4Editor-ApplicationCore.dll!UnknownFunction []
[2020.04.12-04.45.45:526][519]LogWindows: Error: [Callstack] 0x00007ffa660226df UE4Editor-ApplicationCore.dll!UnknownFunction []
[2020.04.12-04.45.45:526][519]LogWindows: Error: [Callstack] 0x00007ffa66037340 UE4Editor-ApplicationCore.dll!UnknownFunction []
[2020.04.12-04.45.45:526][519]LogWindows: Error: [Callstack] 0x00007ffa6601edd0 UE4Editor-ApplicationCore.dll!UnknownFunction []
[2020.04.12-04.45.45:526][519]LogWindows: Error: [Callstack] 0x00007ffab68c74d6 USER32.dll!UnknownFunction []
[2020.04.12-04.45.45:526][519]LogWindows: Error: [Callstack] 0x00007ffab68c6ff2 USER32.dll!UnknownFunction []
[2020.04.12-04.45.45:526][519]LogWindows: Error: [Callstack] 0x00007ffa660388e9 UE4Editor-ApplicationCore.dll!UnknownFunction []
[2020.04.12-04.45.45:526][519]LogWindows: Error: [Callstack] 0x00007ff6f6446980 UE4Editor.exe!UnknownFunction []
[2020.04.12-04.45.45:526][519]LogWindows: Error: [Callstack] 0x00007ff6f645a91c UE4Editor.exe!UnknownFunction []
[2020.04.12-04.45.45:526][519]LogWindows: Error: [Callstack] 0x00007ff6f645a9fa UE4Editor.exe!UnknownFunction []
[2020.04.12-04.45.45:526][519]LogWindows: Error: [Callstack] 0x00007ff6f646b92c UE4Editor.exe!UnknownFunction []
[2020.04.12-04.45.45:526][519]LogWindows: Error: [Callstack] 0x00007ff6f646e60e UE4Editor.exe!UnknownFunction []
[2020.04.12-04.45.45:526][519]LogWindows: Error: [Callstack] 0x00007ffab66c7974 KERNEL32.DLL!UnknownFunction []
[2020.04.12-04.45.45:526][519]LogWindows: Error: [Callstack] 0x00007ffab94fa261 ntdll.dll!UnknownFunction []
[2020.04.12-04.45.45:526][519]LogWindows: Error: 
[2020.04.12-04.45.45:544][519]LogExit: Executing StaticShutdownAfterError
[2020.04.12-04.45.45:552][519]LogWindows: FPlatformMisc::RequestExit(1)
[2020.04.12-04.45.45:560][519]Log file closed, 04/12/20 13:45:45
